<!DOCTYPE html>
<html>
  <head>
    <meta charset="utf-8"/>
    <title id="head-title">report.html</title>
      <link href="assets\style.css" rel="stylesheet" type="text/css"/>
  </head>
  <body>
    <h1 id="title">report.html</h1>
    <p>Report generated on 14-May-2024 at 16:37:41 by <a href="https://pypi.python.org/pypi/pytest-html">pytest-html</a>
        v4.1.1</p>
    <div id="environment-header">
      <h2>Environment</h2>
    </div>
    <table id="environment"></table>
    <!-- TEMPLATES -->
      <template id="template_environment_row">
      <tr>
        <td></td>
        <td></td>
      </tr>
    </template>
    <template id="template_results-table__body--empty">
      <tbody class="results-table-row">
        <tr id="not-found-message">
          <td colspan="4">No results found. Check the filters.</th>
        </tr>
    </template>
    <template id="template_results-table__tbody">
      <tbody class="results-table-row">
        <tr class="collapsible">
        </tr>
        <tr class="extras-row">
          <td class="extra" colspan="4">
            <div class="extraHTML"></div>
            <div class="media">
              <div class="media-container">
                  <div class="media-container__nav--left"><</div>
                  <div class="media-container__viewport">
                    <img src="" />
                    <video controls>
                      <source src="" type="video/mp4">
                    </video>
                  </div>
                  <div class="media-container__nav--right">></div>
                </div>
                <div class="media__name"></div>
                <div class="media__counter"></div>
            </div>
            <div class="logwrapper">
              <div class="logexpander"></div>
              <div class="log"></div>
            </div>
          </td>
        </tr>
      </tbody>
    </template>
    <!-- END TEMPLATES -->
    <div class="summary">
      <div class="summary__data">
        <h2>Summary</h2>
        <div class="additional-summary prefix">
        </div>
        <p class="run-count">28 tests took 00:39:08.</p>
        <p class="filter">(Un)check the boxes to filter the results.</p>
        <div class="summary__reload">
          <div class="summary__reload__button hidden" onclick="location.reload()">
            <div>There are still tests running. <br />Reload this page to get the latest results!</div>
          </div>
        </div>
        <div class="summary__spacer"></div>
        <div class="controls">
          <div class="filters">
            <input checked="true" class="filter" name="filter_checkbox" type="checkbox" data-test-result="failed" />
            <span class="failed">4 Failed,</span>
            <input checked="true" class="filter" name="filter_checkbox" type="checkbox" data-test-result="passed" />
            <span class="passed">24 Passed,</span>
            <input checked="true" class="filter" name="filter_checkbox" type="checkbox" data-test-result="skipped" disabled/>
            <span class="skipped">0 Skipped,</span>
            <input checked="true" class="filter" name="filter_checkbox" type="checkbox" data-test-result="xfailed" disabled/>
            <span class="xfailed">0 Expected failures,</span>
            <input checked="true" class="filter" name="filter_checkbox" type="checkbox" data-test-result="xpassed" disabled/>
            <span class="xpassed">0 Unexpected passes,</span>
            <input checked="true" class="filter" name="filter_checkbox" type="checkbox" data-test-result="error" disabled/>
            <span class="error">0 Errors,</span>
            <input checked="true" class="filter" name="filter_checkbox" type="checkbox" data-test-result="rerun" disabled/>
            <span class="rerun">0 Reruns</span>
          </div>
          <div class="collapse">
            <button id="show_all_details">Show all details</button>&nbsp;/&nbsp;<button id="hide_all_details">Hide all details</button>
          </div>
        </div>
      </div>
      <div class="additional-summary summary">
      </div>
      <div class="additional-summary postfix">
      </div>
    </div>
    <table id="results-table">
      <thead id="results-table-head">
        <tr>
          <th class="sortable" data-column-type="result">Result</th>
          <th class="sortable" data-column-type="testId">Test</th>
          <th class="sortable" data-column-type="duration">Duration</th>
          <th>Links</th>
        </tr>
      </thead>
    </table>
  </body>
  <footer>
    <div id="data-container" data-jsonblob="{&#34;environment&#34;: {&#34;Python&#34;: &#34;3.12.0&#34;, &#34;Platform&#34;: &#34;Windows-11-10.0.22621-SP0&#34;, &#34;Packages&#34;: {&#34;pytest&#34;: &#34;7.4.3&#34;, &#34;pluggy&#34;: &#34;1.3.0&#34;}, &#34;Plugins&#34;: {&#34;html&#34;: &#34;4.1.1&#34;, &#34;metadata&#34;: &#34;3.1.1&#34;}, &#34;JAVA_HOME&#34;: &#34;C:\\Program Files\\Java\\jdk1.8.0_202&#34;}, &#34;tests&#34;: {&#34;test_Android_App_Settings.py::test_AppSettings_TestcaseID_47918&#34;: [{&#34;extras&#34;: [], &#34;result&#34;: &#34;Passed&#34;, &#34;testId&#34;: &#34;test_Android_App_Settings.py::test_AppSettings_TestcaseID_47918&#34;, &#34;duration&#34;: &#34;00:01:02&#34;, &#34;resultsTableRow&#34;: [&#34;&lt;td class=\&#34;col-result\&#34;&gt;Passed&lt;/td&gt;&#34;, &#34;&lt;td class=\&#34;col-testId\&#34;&gt;test_Android_App_Settings.py::test_AppSettings_TestcaseID_47918&lt;/td&gt;&#34;, &#34;&lt;td class=\&#34;col-duration\&#34;&gt;00:01:02&lt;/td&gt;&#34;, &#34;&lt;td class=\&#34;col-links\&#34;&gt;&lt;/td&gt;&#34;], &#34;log&#34;: &#34;----------------------------- Captured stdout call -----------------------------\nElement not found, proceeding with the next part of the code.\nElement not found, proceeding with the next part of the code.\nElement not found, proceeding with the next part of the code.\nElement not found, proceeding with the next part of the code.\nElement not found, proceeding with the next part of the code.\nLogin Allow Pop up is not displaying\n\n----------------------------- Captured stderr call -----------------------------\n[15:58:35][DEBUG]&amp;lt;airtest.core.android.adb&amp;gt; C:\\Users\\rk1277\\Desktop\\ZSB_Automation\\venv\\Lib\\site-packages\\airtest\\core\\android\\static\\adb\\windows\\adb.exe -s 2A051JEGR15175 shell monkey -p com.zebra.soho_app -c android.intent.category.LAUNCHER 1\n[15:58:39][DEBUG]&amp;lt;airtest.core.android.adb&amp;gt; C:\\Users\\rk1277\\Desktop\\ZSB_Automation\\venv\\Lib\\site-packages\\airtest\\core\\android\\static\\adb\\windows\\adb.exe -s 2A051JEGR15175 shell pm clear com.zebra.soho_app\n[15:58:41][DEBUG]&amp;lt;airtest.core.android.adb&amp;gt; C:\\Users\\rk1277\\Desktop\\ZSB_Automation\\venv\\Lib\\site-packages\\airtest\\core\\android\\static\\adb\\windows\\adb.exe -s 2A051JEGR15175 shell monkey -p com.zebra.soho_app -c android.intent.category.LAUNCHER 1\n[15:58:47][DEBUG]&amp;lt;airtest.core.android.adb&amp;gt; C:\\Users\\rk1277\\Desktop\\ZSB_Automation\\venv\\Lib\\site-packages\\airtest\\core\\android\\static\\adb\\windows\\adb.exe -s 2A051JEGR15175 shell monkey -p com.zebra.soho_app -c android.intent.category.LAUNCHER 1\n[15:58:59][DEBUG]&amp;lt;airtest.core.android.adb&amp;gt; C:\\Users\\rk1277\\Desktop\\ZSB_Automation\\venv\\Lib\\site-packages\\airtest\\core\\android\\static\\adb\\windows\\adb.exe -s 2A051JEGR15175 shell ls -l /data/local/tmp/rotationwatcher.jar\n[15:58:59][DEBUG]&amp;lt;airtest.core.android.rotation&amp;gt; install_rotationwatcher skipped\n[15:58:59][DEBUG]&amp;lt;airtest.core.android.adb&amp;gt; C:\\Users\\rk1277\\Desktop\\ZSB_Automation\\venv\\Lib\\site-packages\\airtest\\core\\android\\static\\adb\\windows\\adb.exe -s 2A051JEGR15175 shell app_process -Djava.class.path=/data/local/tmp/rotationwatcher.jar /data/local/tmp com.example.rotationwatcher.Main\n[15:58:59][DEBUG]&amp;lt;airtest.utils.nbsp&amp;gt; [rotation_server]b&amp;#x27;0&amp;#x27;\n[15:59:00][INFO]&amp;lt;airtest.core.android.rotation&amp;gt; update orientation None-&amp;gt;0\n[15:59:00][DEBUG]&amp;lt;airtest.core.android.adb&amp;gt; C:\\Users\\rk1277\\Desktop\\ZSB_Automation\\venv\\Lib\\site-packages\\airtest\\core\\android\\static\\adb\\windows\\adb.exe -s 2A051JEGR15175 shell wm size\n[15:59:00][DEBUG]&amp;lt;airtest.core.android.adb&amp;gt; C:\\Users\\rk1277\\Desktop\\ZSB_Automation\\venv\\Lib\\site-packages\\airtest\\core\\android\\static\\adb\\windows\\adb.exe -s 2A051JEGR15175 shell getprop ro.sf.lcd_density\n[15:59:00][DEBUG]&amp;lt;airtest.core.android.adb&amp;gt; C:\\Users\\rk1277\\Desktop\\ZSB_Automation\\venv\\Lib\\site-packages\\airtest\\core\\android\\static\\adb\\windows\\adb.exe -s 2A051JEGR15175 shell dumpsys SurfaceFlinger\n[15:59:00][DEBUG]&amp;lt;airtest.core.android.adb&amp;gt; C:\\Users\\rk1277\\Desktop\\ZSB_Automation\\venv\\Lib\\site-packages\\airtest\\core\\android\\static\\adb\\windows\\adb.exe -s 2A051JEGR15175 shell dumpsys input\n[15:59:00][DEBUG]&amp;lt;airtest.core.android.adb&amp;gt; C:\\Users\\rk1277\\Desktop\\ZSB_Automation\\venv\\Lib\\site-packages\\airtest\\core\\android\\static\\adb\\windows\\adb.exe -s 2A051JEGR15175 shell dumpsys window displays\n[15:59:01][DEBUG]&amp;lt;airtest.core.android.adb&amp;gt; C:\\Users\\rk1277\\Desktop\\ZSB_Automation\\venv\\Lib\\site-packages\\airtest\\core\\android\\static\\adb\\windows\\adb.exe -s 2A051JEGR15175 shell getevent -p\n[15:59:01][DEBUG]&amp;lt;airtest.core.android.adb&amp;gt; C:\\Users\\rk1277\\Desktop\\ZSB_Automation\\venv\\Lib\\site-packages\\airtest\\core\\android\\static\\adb\\windows\\adb.exe -s 2A051JEGR15175 shell ls -l /data/local/tmp/maxpresent.jar\n[15:59:01][DEBUG]&amp;lt;airtest.core.android.touch_methods.maxtouch&amp;gt; install_maxtouch skipped\n[15:59:01][DEBUG]&amp;lt;airtest.core.android.adb&amp;gt; C:\\Users\\rk1277\\Desktop\\ZSB_Automation\\venv\\Lib\\site-packages\\airtest\\core\\android\\static\\adb\\windows\\adb.exe -s 2A051JEGR15175 forward --no-rebind tcp:14494 localabstract:maxpresent_14494\n[15:59:01][DEBUG]&amp;lt;airtest.core.android.adb&amp;gt; C:\\Users\\rk1277\\Desktop\\ZSB_Automation\\venv\\Lib\\site-packages\\airtest\\core\\android\\static\\adb\\windows\\adb.exe -s 2A051JEGR15175 shell app_process -Djava.class.path=/data/local/tmp/maxpresent.jar /data/local/tmp com.netease.maxpresent.MaxPresent socket maxpresent_14494\n[15:59:01][DEBUG]&amp;lt;airtest.utils.nbsp&amp;gt; [airtouch_server]b&amp;#x27;Metrics Message : 2400.0=====1080.0&amp;#x27;\n[15:59:01][DEBUG]&amp;lt;airtest.utils.nbsp&amp;gt; [airtouch_server]b&amp;#x27;Start local socket (maxpresent_14494) server...&amp;#x27;\n[15:59:09][DEBUG]&amp;lt;airtest.core.android.adb&amp;gt; C:\\Users\\rk1277\\Desktop\\ZSB_Automation\\venv\\Lib\\site-packages\\airtest\\core\\android\\static\\adb\\windows\\adb.exe -s 2A051JEGR15175 shell am force-stop com.zebra.soho_app\n[15:59:11][DEBUG]&amp;lt;airtest.core.android.adb&amp;gt; C:\\Users\\rk1277\\Desktop\\ZSB_Automation\\venv\\Lib\\site-packages\\airtest\\core\\android\\static\\adb\\windows\\adb.exe -s 2A051JEGR15175 shell monkey -p com.zebra.soho_app -c android.intent.category.LAUNCHER 1\n[15:59:23][DEBUG]&amp;lt;airtest.core.android.adb&amp;gt; C:\\Users\\rk1277\\Desktop\\ZSB_Automation\\venv\\Lib\\site-packages\\airtest\\core\\android\\static\\adb\\windows\\adb.exe -s 2A051JEGR15175 shell am force-stop com.zebra.soho_app\n[15:59:25][DEBUG]&amp;lt;airtest.core.android.adb&amp;gt; C:\\Users\\rk1277\\Desktop\\ZSB_Automation\\venv\\Lib\\site-packages\\airtest\\core\\android\\static\\adb\\windows\\adb.exe -s 2A051JEGR15175 shell monkey -p com.zebra.soho_app -c android.intent.category.LAUNCHER 1\n[15:59:32][DEBUG]&amp;lt;airtest.core.android.adb&amp;gt; C:\\Users\\rk1277\\Desktop\\ZSB_Automation\\venv\\Lib\\site-packages\\airtest\\core\\android\\static\\adb\\windows\\adb.exe -s 2A051JEGR15175 shell am force-stop com.zebra.soho_app\n\n------------------------------ Captured log call -------------------------------\nDEBUG    airtest.core.android.adb:adb.py:182 C:\\Users\\rk1277\\Desktop\\ZSB_Automation\\venv\\Lib\\site-packages\\airtest\\core\\android\\static\\adb\\windows\\adb.exe -s 2A051JEGR15175 shell monkey -p com.zebra.soho_app -c android.intent.category.LAUNCHER 1\nDEBUG    airtest.core.android.adb:adb.py:182 C:\\Users\\rk1277\\Desktop\\ZSB_Automation\\venv\\Lib\\site-packages\\airtest\\core\\android\\static\\adb\\windows\\adb.exe -s 2A051JEGR15175 shell pm clear com.zebra.soho_app\nDEBUG    airtest.core.android.adb:adb.py:182 C:\\Users\\rk1277\\Desktop\\ZSB_Automation\\venv\\Lib\\site-packages\\airtest\\core\\android\\static\\adb\\windows\\adb.exe -s 2A051JEGR15175 shell monkey -p com.zebra.soho_app -c android.intent.category.LAUNCHER 1\nDEBUG    airtest.core.android.adb:adb.py:182 C:\\Users\\rk1277\\Desktop\\ZSB_Automation\\venv\\Lib\\site-packages\\airtest\\core\\android\\static\\adb\\windows\\adb.exe -s 2A051JEGR15175 shell monkey -p com.zebra.soho_app -c android.intent.category.LAUNCHER 1\nDEBUG    airtest.core.android.adb:adb.py:182 C:\\Users\\rk1277\\Desktop\\ZSB_Automation\\venv\\Lib\\site-packages\\airtest\\core\\android\\static\\adb\\windows\\adb.exe -s 2A051JEGR15175 shell ls -l /data/local/tmp/rotationwatcher.jar\nDEBUG    airtest.core.android.rotation:rotation.py:49 install_rotationwatcher skipped\nDEBUG    airtest.core.android.adb:adb.py:182 C:\\Users\\rk1277\\Desktop\\ZSB_Automation\\venv\\Lib\\site-packages\\airtest\\core\\android\\static\\adb\\windows\\adb.exe -s 2A051JEGR15175 shell app_process -Djava.class.path=/data/local/tmp/rotationwatcher.jar /data/local/tmp com.example.rotationwatcher.Main\nDEBUG    airtest.utils.nbsp:nbsp.py:37 [rotation_server]b&amp;#x27;0&amp;#x27;\nINFO     airtest.core.android.rotation:rotation.py:151 update orientation None-&amp;gt;0\nDEBUG    airtest.core.android.adb:adb.py:182 C:\\Users\\rk1277\\Desktop\\ZSB_Automation\\venv\\Lib\\site-packages\\airtest\\core\\android\\static\\adb\\windows\\adb.exe -s 2A051JEGR15175 shell wm size\nDEBUG    airtest.core.android.adb:adb.py:182 C:\\Users\\rk1277\\Desktop\\ZSB_Automation\\venv\\Lib\\site-packages\\airtest\\core\\android\\static\\adb\\windows\\adb.exe -s 2A051JEGR15175 shell getprop ro.sf.lcd_density\nDEBUG    airtest.core.android.adb:adb.py:182 C:\\Users\\rk1277\\Desktop\\ZSB_Automation\\venv\\Lib\\site-packages\\airtest\\core\\android\\static\\adb\\windows\\adb.exe -s 2A051JEGR15175 shell dumpsys SurfaceFlinger\nDEBUG    airtest.core.android.adb:adb.py:182 C:\\Users\\rk1277\\Desktop\\ZSB_Automation\\venv\\Lib\\site-packages\\airtest\\core\\android\\static\\adb\\windows\\adb.exe -s 2A051JEGR15175 shell dumpsys input\nDEBUG    airtest.core.android.adb:adb.py:182 C:\\Users\\rk1277\\Desktop\\ZSB_Automation\\venv\\Lib\\site-packages\\airtest\\core\\android\\static\\adb\\windows\\adb.exe -s 2A051JEGR15175 shell dumpsys window displays\nDEBUG    airtest.core.android.adb:adb.py:182 C:\\Users\\rk1277\\Desktop\\ZSB_Automation\\venv\\Lib\\site-packages\\airtest\\core\\android\\static\\adb\\windows\\adb.exe -s 2A051JEGR15175 shell getevent -p\nDEBUG    airtest.core.android.adb:adb.py:182 C:\\Users\\rk1277\\Desktop\\ZSB_Automation\\venv\\Lib\\site-packages\\airtest\\core\\android\\static\\adb\\windows\\adb.exe -s 2A051JEGR15175 shell ls -l /data/local/tmp/maxpresent.jar\nDEBUG    airtest.core.android.touch_methods.maxtouch:maxtouch.py:37 install_maxtouch skipped\nDEBUG    airtest.core.android.adb:adb.py:182 C:\\Users\\rk1277\\Desktop\\ZSB_Automation\\venv\\Lib\\site-packages\\airtest\\core\\android\\static\\adb\\windows\\adb.exe -s 2A051JEGR15175 forward --no-rebind tcp:14494 localabstract:maxpresent_14494\nDEBUG    airtest.core.android.adb:adb.py:182 C:\\Users\\rk1277\\Desktop\\ZSB_Automation\\venv\\Lib\\site-packages\\airtest\\core\\android\\static\\adb\\windows\\adb.exe -s 2A051JEGR15175 shell app_process -Djava.class.path=/data/local/tmp/maxpresent.jar /data/local/tmp com.netease.maxpresent.MaxPresent socket maxpresent_14494\nDEBUG    airtest.utils.nbsp:nbsp.py:37 [airtouch_server]b&amp;#x27;Metrics Message : 2400.0=====1080.0&amp;#x27;\nDEBUG    airtest.utils.nbsp:nbsp.py:37 [airtouch_server]b&amp;#x27;Start local socket (maxpresent_14494) server...&amp;#x27;\nDEBUG    airtest.core.android.adb:adb.py:182 C:\\Users\\rk1277\\Desktop\\ZSB_Automation\\venv\\Lib\\site-packages\\airtest\\core\\android\\static\\adb\\windows\\adb.exe -s 2A051JEGR15175 shell am force-stop com.zebra.soho_app\nDEBUG    airtest.core.android.adb:adb.py:182 C:\\Users\\rk1277\\Desktop\\ZSB_Automation\\venv\\Lib\\site-packages\\airtest\\core\\android\\static\\adb\\windows\\adb.exe -s 2A051JEGR15175 shell monkey -p com.zebra.soho_app -c android.intent.category.LAUNCHER 1\nDEBUG    airtest.core.android.adb:adb.py:182 C:\\Users\\rk1277\\Desktop\\ZSB_Automation\\venv\\Lib\\site-packages\\airtest\\core\\android\\static\\adb\\windows\\adb.exe -s 2A051JEGR15175 shell am force-stop com.zebra.soho_app\nDEBUG    airtest.core.android.adb:adb.py:182 C:\\Users\\rk1277\\Desktop\\ZSB_Automation\\venv\\Lib\\site-packages\\airtest\\core\\android\\static\\adb\\windows\\adb.exe -s 2A051JEGR15175 shell monkey -p com.zebra.soho_app -c android.intent.category.LAUNCHER 1\nDEBUG    airtest.core.android.adb:adb.py:182 C:\\Users\\rk1277\\Desktop\\ZSB_Automation\\venv\\Lib\\site-packages\\airtest\\core\\android\\static\\adb\\windows\\adb.exe -s 2A051JEGR15175 shell am force-stop com.zebra.soho_app\n\n&#34;}], &#34;test_Android_App_Settings.py::test_AppSettings_TestcaseID_49665&#34;: [{&#34;extras&#34;: [], &#34;result&#34;: &#34;Passed&#34;, &#34;testId&#34;: &#34;test_Android_App_Settings.py::test_AppSettings_TestcaseID_49665&#34;, &#34;duration&#34;: &#34;00:03:21&#34;, &#34;resultsTableRow&#34;: [&#34;&lt;td class=\&#34;col-result\&#34;&gt;Passed&lt;/td&gt;&#34;, &#34;&lt;td class=\&#34;col-testId\&#34;&gt;test_Android_App_Settings.py::test_AppSettings_TestcaseID_49665&lt;/td&gt;&#34;, &#34;&lt;td class=\&#34;col-duration\&#34;&gt;00:03:21&lt;/td&gt;&#34;, &#34;&lt;td class=\&#34;col-links\&#34;&gt;&lt;/td&gt;&#34;], &#34;log&#34;: &#34;----------------------------- Captured stdout call -----------------------------\nElement not found, proceeding with the next part of the code.\nElement not found, proceeding with the next part of the code.\nElement not found, proceeding with the next part of the code.\nPopup accepted.\n\n----------------------------- Captured stderr call -----------------------------\n[15:59:35][DEBUG]&amp;lt;airtest.core.android.adb&amp;gt; C:\\Users\\rk1277\\Desktop\\ZSB_Automation\\venv\\Lib\\site-packages\\airtest\\core\\android\\static\\adb\\windows\\adb.exe -s 2A051JEGR15175 shell am force-stop com.zebra.soho_app\n[15:59:37][DEBUG]&amp;lt;airtest.core.android.adb&amp;gt; C:\\Users\\rk1277\\Desktop\\ZSB_Automation\\venv\\Lib\\site-packages\\airtest\\core\\android\\static\\adb\\windows\\adb.exe -s 2A051JEGR15175 shell monkey -p com.zebra.soho_app -c android.intent.category.LAUNCHER 1\n[15:59:42][DEBUG]&amp;lt;airtest.core.android.adb&amp;gt; C:\\Users\\rk1277\\Desktop\\ZSB_Automation\\venv\\Lib\\site-packages\\airtest\\core\\android\\static\\adb\\windows\\adb.exe -s 2A051JEGR15175 shell pm clear com.zebra.soho_app\n[15:59:43][DEBUG]&amp;lt;airtest.core.android.adb&amp;gt; C:\\Users\\rk1277\\Desktop\\ZSB_Automation\\venv\\Lib\\site-packages\\airtest\\core\\android\\static\\adb\\windows\\adb.exe -s 2A051JEGR15175 shell monkey -p com.zebra.soho_app -c android.intent.category.LAUNCHER 1\n[15:59:49][DEBUG]&amp;lt;airtest.core.android.adb&amp;gt; C:\\Users\\rk1277\\Desktop\\ZSB_Automation\\venv\\Lib\\site-packages\\airtest\\core\\android\\static\\adb\\windows\\adb.exe -s 2A051JEGR15175 shell monkey -p com.zebra.soho_app -c android.intent.category.LAUNCHER 1\n[16:02:53][DEBUG]&amp;lt;airtest.core.android.adb&amp;gt; C:\\Users\\rk1277\\Desktop\\ZSB_Automation\\venv\\Lib\\site-packages\\airtest\\core\\android\\static\\adb\\windows\\adb.exe -s 2A051JEGR15175 shell am force-stop com.zebra.soho_app\n\n------------------------------ Captured log call -------------------------------\nDEBUG    airtest.core.android.adb:adb.py:182 C:\\Users\\rk1277\\Desktop\\ZSB_Automation\\venv\\Lib\\site-packages\\airtest\\core\\android\\static\\adb\\windows\\adb.exe -s 2A051JEGR15175 shell am force-stop com.zebra.soho_app\nDEBUG    airtest.core.android.adb:adb.py:182 C:\\Users\\rk1277\\Desktop\\ZSB_Automation\\venv\\Lib\\site-packages\\airtest\\core\\android\\static\\adb\\windows\\adb.exe -s 2A051JEGR15175 shell monkey -p com.zebra.soho_app -c android.intent.category.LAUNCHER 1\nDEBUG    airtest.core.android.adb:adb.py:182 C:\\Users\\rk1277\\Desktop\\ZSB_Automation\\venv\\Lib\\site-packages\\airtest\\core\\android\\static\\adb\\windows\\adb.exe -s 2A051JEGR15175 shell pm clear com.zebra.soho_app\nDEBUG    airtest.core.android.adb:adb.py:182 C:\\Users\\rk1277\\Desktop\\ZSB_Automation\\venv\\Lib\\site-packages\\airtest\\core\\android\\static\\adb\\windows\\adb.exe -s 2A051JEGR15175 shell monkey -p com.zebra.soho_app -c android.intent.category.LAUNCHER 1\nDEBUG    airtest.core.android.adb:adb.py:182 C:\\Users\\rk1277\\Desktop\\ZSB_Automation\\venv\\Lib\\site-packages\\airtest\\core\\android\\static\\adb\\windows\\adb.exe -s 2A051JEGR15175 shell monkey -p com.zebra.soho_app -c android.intent.category.LAUNCHER 1\nDEBUG    airtest.core.android.adb:adb.py:182 C:\\Users\\rk1277\\Desktop\\ZSB_Automation\\venv\\Lib\\site-packages\\airtest\\core\\android\\static\\adb\\windows\\adb.exe -s 2A051JEGR15175 shell am force-stop com.zebra.soho_app\n\n&#34;}], &#34;test_Android_App_Settings.py::test_AppSettings_TestcaseID_45689&#34;: [{&#34;extras&#34;: [], &#34;result&#34;: &#34;Passed&#34;, &#34;testId&#34;: &#34;test_Android_App_Settings.py::test_AppSettings_TestcaseID_45689&#34;, &#34;duration&#34;: &#34;00:04:03&#34;, &#34;resultsTableRow&#34;: [&#34;&lt;td class=\&#34;col-result\&#34;&gt;Passed&lt;/td&gt;&#34;, &#34;&lt;td class=\&#34;col-testId\&#34;&gt;test_Android_App_Settings.py::test_AppSettings_TestcaseID_45689&lt;/td&gt;&#34;, &#34;&lt;td class=\&#34;col-duration\&#34;&gt;00:04:03&lt;/td&gt;&#34;, &#34;&lt;td class=\&#34;col-links\&#34;&gt;&lt;/td&gt;&#34;], &#34;log&#34;: &#34;----------------------------- Captured stdout call -----------------------------\nElement not found, proceeding with the next part of the code.\nText of Edit Text: UIObjectProxy of &amp;quot;Edit&amp;quot;\nChange Theme Text: UIObjectProxy of &amp;quot;Change Theme&amp;quot;\nClicked on the Electic theme RadioButton.\nHome Text is present on home page: UIObjectProxy of &amp;quot;Home&amp;quot;\nClicked on the Bohemian theme RadioButton.\nHome Text is present on home page: UIObjectProxy of &amp;quot;Home&amp;quot;\nClicked on the Professional  theme RadioButton.\nHome Text is present on home page: UIObjectProxy of &amp;quot;Home&amp;quot;\nClicked on the  Maker  theme RadioButton.\nHome Text is present on home page: UIObjectProxy of &amp;quot;Home&amp;quot;\nClicked on the  Modern  theme RadioButton.\nHome Text is present on home page: UIObjectProxy of &amp;quot;Home&amp;quot;\n\n----------------------------- Captured stderr call -----------------------------\n[16:02:57][DEBUG]&amp;lt;airtest.core.android.adb&amp;gt; C:\\Users\\rk1277\\Desktop\\ZSB_Automation\\venv\\Lib\\site-packages\\airtest\\core\\android\\static\\adb\\windows\\adb.exe -s 2A051JEGR15175 shell am force-stop com.zebra.soho_app\n[16:02:58][DEBUG]&amp;lt;airtest.core.android.adb&amp;gt; C:\\Users\\rk1277\\Desktop\\ZSB_Automation\\venv\\Lib\\site-packages\\airtest\\core\\android\\static\\adb\\windows\\adb.exe -s 2A051JEGR15175 shell monkey -p com.zebra.soho_app -c android.intent.category.LAUNCHER 1\n[16:06:57][DEBUG]&amp;lt;airtest.core.android.adb&amp;gt; C:\\Users\\rk1277\\Desktop\\ZSB_Automation\\venv\\Lib\\site-packages\\airtest\\core\\android\\static\\adb\\windows\\adb.exe -s 2A051JEGR15175 shell am force-stop com.zebra.soho_app\n\n------------------------------ Captured log call -------------------------------\nDEBUG    airtest.core.android.adb:adb.py:182 C:\\Users\\rk1277\\Desktop\\ZSB_Automation\\venv\\Lib\\site-packages\\airtest\\core\\android\\static\\adb\\windows\\adb.exe -s 2A051JEGR15175 shell am force-stop com.zebra.soho_app\nDEBUG    airtest.core.android.adb:adb.py:182 C:\\Users\\rk1277\\Desktop\\ZSB_Automation\\venv\\Lib\\site-packages\\airtest\\core\\android\\static\\adb\\windows\\adb.exe -s 2A051JEGR15175 shell monkey -p com.zebra.soho_app -c android.intent.category.LAUNCHER 1\nDEBUG    airtest.core.android.adb:adb.py:182 C:\\Users\\rk1277\\Desktop\\ZSB_Automation\\venv\\Lib\\site-packages\\airtest\\core\\android\\static\\adb\\windows\\adb.exe -s 2A051JEGR15175 shell am force-stop com.zebra.soho_app\n\n&#34;}], &#34;test_Android_App_Settings.py::test_AppSettings_TestcaseID_45690&#34;: [{&#34;extras&#34;: [], &#34;result&#34;: &#34;Passed&#34;, &#34;testId&#34;: &#34;test_Android_App_Settings.py::test_AppSettings_TestcaseID_45690&#34;, &#34;duration&#34;: &#34;00:01:38&#34;, &#34;resultsTableRow&#34;: [&#34;&lt;td class=\&#34;col-result\&#34;&gt;Passed&lt;/td&gt;&#34;, &#34;&lt;td class=\&#34;col-testId\&#34;&gt;test_Android_App_Settings.py::test_AppSettings_TestcaseID_45690&lt;/td&gt;&#34;, &#34;&lt;td class=\&#34;col-duration\&#34;&gt;00:01:38&lt;/td&gt;&#34;, &#34;&lt;td class=\&#34;col-links\&#34;&gt;&lt;/td&gt;&#34;], &#34;log&#34;: &#34;----------------------------- Captured stdout call -----------------------------\nElement not found, proceeding with the next part of the code.\nElement not found, proceeding with the next part of the code.\n Milimetres is present: UIObjectProxy of &amp;quot;Millimetres&amp;quot;\n Centimetres Text is present: UIObjectProxy of &amp;quot;Centimetres&amp;quot;\n Inches Text is present: UIObjectProxy of &amp;quot;Inches&amp;quot;\n Units of Measurement updated successfully: UIObjectProxy of &amp;quot;Units of Measurement updated successfully&amp;quot;\n[&amp;#x27;Congratulations copy&amp;#x27;, &amp;#x27;8.9cm x 3.2cm&amp;#x27;]\n\n----------------------------- Captured stderr call -----------------------------\n[16:07:00][DEBUG]&amp;lt;airtest.core.android.adb&amp;gt; C:\\Users\\rk1277\\Desktop\\ZSB_Automation\\venv\\Lib\\site-packages\\airtest\\core\\android\\static\\adb\\windows\\adb.exe -s 2A051JEGR15175 shell am force-stop com.zebra.soho_app\n[16:07:01][DEBUG]&amp;lt;airtest.core.android.adb&amp;gt; C:\\Users\\rk1277\\Desktop\\ZSB_Automation\\venv\\Lib\\site-packages\\airtest\\core\\android\\static\\adb\\windows\\adb.exe -s 2A051JEGR15175 shell monkey -p com.zebra.soho_app -c android.intent.category.LAUNCHER 1\n[16:08:35][DEBUG]&amp;lt;airtest.core.android.adb&amp;gt; C:\\Users\\rk1277\\Desktop\\ZSB_Automation\\venv\\Lib\\site-packages\\airtest\\core\\android\\static\\adb\\windows\\adb.exe -s 2A051JEGR15175 shell am force-stop com.zebra.soho_app\n\n------------------------------ Captured log call -------------------------------\nDEBUG    airtest.core.android.adb:adb.py:182 C:\\Users\\rk1277\\Desktop\\ZSB_Automation\\venv\\Lib\\site-packages\\airtest\\core\\android\\static\\adb\\windows\\adb.exe -s 2A051JEGR15175 shell am force-stop com.zebra.soho_app\nDEBUG    airtest.core.android.adb:adb.py:182 C:\\Users\\rk1277\\Desktop\\ZSB_Automation\\venv\\Lib\\site-packages\\airtest\\core\\android\\static\\adb\\windows\\adb.exe -s 2A051JEGR15175 shell monkey -p com.zebra.soho_app -c android.intent.category.LAUNCHER 1\nDEBUG    airtest.core.android.adb:adb.py:182 C:\\Users\\rk1277\\Desktop\\ZSB_Automation\\venv\\Lib\\site-packages\\airtest\\core\\android\\static\\adb\\windows\\adb.exe -s 2A051JEGR15175 shell am force-stop com.zebra.soho_app\n\n&#34;}], &#34;test_Android_App_Settings.py::test_AppSettings_TestcaseID_45691&#34;: [{&#34;extras&#34;: [], &#34;result&#34;: &#34;Passed&#34;, &#34;testId&#34;: &#34;test_Android_App_Settings.py::test_AppSettings_TestcaseID_45691&#34;, &#34;duration&#34;: &#34;00:01:30&#34;, &#34;resultsTableRow&#34;: [&#34;&lt;td class=\&#34;col-result\&#34;&gt;Passed&lt;/td&gt;&#34;, &#34;&lt;td class=\&#34;col-testId\&#34;&gt;test_Android_App_Settings.py::test_AppSettings_TestcaseID_45691&lt;/td&gt;&#34;, &#34;&lt;td class=\&#34;col-duration\&#34;&gt;00:01:30&lt;/td&gt;&#34;, &#34;&lt;td class=\&#34;col-links\&#34;&gt;&lt;/td&gt;&#34;], &#34;log&#34;: &#34;----------------------------- Captured stdout call -----------------------------\nElement not found, proceeding with the next part of the code.\nElement not found, proceeding with the next part of the code.\n Edit Workspace text is displaying: UIObjectProxy of &amp;quot;Edit Workspace&amp;quot;\n[&amp;#x27;MFW&amp;#x27;]\n\n----------------------------- Captured stderr call -----------------------------\n[16:08:38][DEBUG]&amp;lt;airtest.core.android.adb&amp;gt; C:\\Users\\rk1277\\Desktop\\ZSB_Automation\\venv\\Lib\\site-packages\\airtest\\core\\android\\static\\adb\\windows\\adb.exe -s 2A051JEGR15175 shell am force-stop com.zebra.soho_app\n[16:08:40][DEBUG]&amp;lt;airtest.core.android.adb&amp;gt; C:\\Users\\rk1277\\Desktop\\ZSB_Automation\\venv\\Lib\\site-packages\\airtest\\core\\android\\static\\adb\\windows\\adb.exe -s 2A051JEGR15175 shell monkey -p com.zebra.soho_app -c android.intent.category.LAUNCHER 1\n[16:10:06][DEBUG]&amp;lt;airtest.core.android.adb&amp;gt; C:\\Users\\rk1277\\Desktop\\ZSB_Automation\\venv\\Lib\\site-packages\\airtest\\core\\android\\static\\adb\\windows\\adb.exe -s 2A051JEGR15175 shell am force-stop com.zebra.soho_app\n\n------------------------------ Captured log call -------------------------------\nDEBUG    airtest.core.android.adb:adb.py:182 C:\\Users\\rk1277\\Desktop\\ZSB_Automation\\venv\\Lib\\site-packages\\airtest\\core\\android\\static\\adb\\windows\\adb.exe -s 2A051JEGR15175 shell am force-stop com.zebra.soho_app\nDEBUG    airtest.core.android.adb:adb.py:182 C:\\Users\\rk1277\\Desktop\\ZSB_Automation\\venv\\Lib\\site-packages\\airtest\\core\\android\\static\\adb\\windows\\adb.exe -s 2A051JEGR15175 shell monkey -p com.zebra.soho_app -c android.intent.category.LAUNCHER 1\nDEBUG    airtest.core.android.adb:adb.py:182 C:\\Users\\rk1277\\Desktop\\ZSB_Automation\\venv\\Lib\\site-packages\\airtest\\core\\android\\static\\adb\\windows\\adb.exe -s 2A051JEGR15175 shell am force-stop com.zebra.soho_app\n\n&#34;}], &#34;test_Android_App_Settings.py::test_AppSettings_TestcaseID_45692&#34;: [{&#34;extras&#34;: [], &#34;result&#34;: &#34;Passed&#34;, &#34;testId&#34;: &#34;test_Android_App_Settings.py::test_AppSettings_TestcaseID_45692&#34;, &#34;duration&#34;: &#34;00:02:36&#34;, &#34;resultsTableRow&#34;: [&#34;&lt;td class=\&#34;col-result\&#34;&gt;Passed&lt;/td&gt;&#34;, &#34;&lt;td class=\&#34;col-testId\&#34;&gt;test_Android_App_Settings.py::test_AppSettings_TestcaseID_45692&lt;/td&gt;&#34;, &#34;&lt;td class=\&#34;col-duration\&#34;&gt;00:02:36&lt;/td&gt;&#34;, &#34;&lt;td class=\&#34;col-links\&#34;&gt;&lt;/td&gt;&#34;], &#34;log&#34;: &#34;----------------------------- Captured stdout call -----------------------------\nElement not found, proceeding with the next part of the code.\nElement not found, proceeding with the next part of the code.\n Edit Workspace text is displaying: UIObjectProxy of &amp;quot;Edit Workspace&amp;quot;\n Workspace name text is displaying: UIObjectProxy of &amp;quot;Workspace name&amp;quot;\n\n----------------------------- Captured stderr call -----------------------------\n[16:10:09][DEBUG]&amp;lt;airtest.core.android.adb&amp;gt; C:\\Users\\rk1277\\Desktop\\ZSB_Automation\\venv\\Lib\\site-packages\\airtest\\core\\android\\static\\adb\\windows\\adb.exe -s 2A051JEGR15175 shell am force-stop com.zebra.soho_app\n[16:10:10][DEBUG]&amp;lt;airtest.core.android.adb&amp;gt; C:\\Users\\rk1277\\Desktop\\ZSB_Automation\\venv\\Lib\\site-packages\\airtest\\core\\android\\static\\adb\\windows\\adb.exe -s 2A051JEGR15175 shell monkey -p com.zebra.soho_app -c android.intent.category.LAUNCHER 1\n[16:12:42][DEBUG]&amp;lt;airtest.core.android.adb&amp;gt; C:\\Users\\rk1277\\Desktop\\ZSB_Automation\\venv\\Lib\\site-packages\\airtest\\core\\android\\static\\adb\\windows\\adb.exe -s 2A051JEGR15175 shell am force-stop com.zebra.soho_app\n\n------------------------------ Captured log call -------------------------------\nDEBUG    airtest.core.android.adb:adb.py:182 C:\\Users\\rk1277\\Desktop\\ZSB_Automation\\venv\\Lib\\site-packages\\airtest\\core\\android\\static\\adb\\windows\\adb.exe -s 2A051JEGR15175 shell am force-stop com.zebra.soho_app\nDEBUG    airtest.core.android.adb:adb.py:182 C:\\Users\\rk1277\\Desktop\\ZSB_Automation\\venv\\Lib\\site-packages\\airtest\\core\\android\\static\\adb\\windows\\adb.exe -s 2A051JEGR15175 shell monkey -p com.zebra.soho_app -c android.intent.category.LAUNCHER 1\nDEBUG    airtest.core.android.adb:adb.py:182 C:\\Users\\rk1277\\Desktop\\ZSB_Automation\\venv\\Lib\\site-packages\\airtest\\core\\android\\static\\adb\\windows\\adb.exe -s 2A051JEGR15175 shell am force-stop com.zebra.soho_app\n\n&#34;}], &#34;test_Android_App_Settings.py::test_AppSettings_TestcaseID_45705&#34;: [{&#34;extras&#34;: [], &#34;result&#34;: &#34;Passed&#34;, &#34;testId&#34;: &#34;test_Android_App_Settings.py::test_AppSettings_TestcaseID_45705&#34;, &#34;duration&#34;: &#34;00:01:32&#34;, &#34;resultsTableRow&#34;: [&#34;&lt;td class=\&#34;col-result\&#34;&gt;Passed&lt;/td&gt;&#34;, &#34;&lt;td class=\&#34;col-testId\&#34;&gt;test_Android_App_Settings.py::test_AppSettings_TestcaseID_45705&lt;/td&gt;&#34;, &#34;&lt;td class=\&#34;col-duration\&#34;&gt;00:01:32&lt;/td&gt;&#34;, &#34;&lt;td class=\&#34;col-links\&#34;&gt;&lt;/td&gt;&#34;], &#34;log&#34;: &#34;----------------------------- Captured stdout call -----------------------------\nElement not found, proceeding with the next part of the code.\nElement not found, proceeding with the next part of the code.\n[&amp;#x27;Avatar&amp;#x27;, &amp;#x27;ST&amp;#x27;, &amp;#x27;An error has occurred connecting to the user service.&amp;#x27;, &amp;#x27;First Name&amp;#x27;, &amp;#x27;Last Name&amp;#x27;, &amp;#x27;Email&amp;#x27;]\n[&amp;#x27;Avatar&amp;#x27;, &amp;#x27;ST&amp;#x27;, &amp;#x27;An error has occurred connecting to the user service.&amp;#x27;, &amp;#x27;First Name&amp;#x27;, &amp;#x27;Last Name&amp;#x27;, &amp;#x27;Email&amp;#x27;]\nName Updated message is not displaying\n\n----------------------------- Captured stderr call -----------------------------\n[16:12:45][DEBUG]&amp;lt;airtest.core.android.adb&amp;gt; C:\\Users\\rk1277\\Desktop\\ZSB_Automation\\venv\\Lib\\site-packages\\airtest\\core\\android\\static\\adb\\windows\\adb.exe -s 2A051JEGR15175 shell am force-stop com.zebra.soho_app\n[16:12:47][DEBUG]&amp;lt;airtest.core.android.adb&amp;gt; C:\\Users\\rk1277\\Desktop\\ZSB_Automation\\venv\\Lib\\site-packages\\airtest\\core\\android\\static\\adb\\windows\\adb.exe -s 2A051JEGR15175 shell monkey -p com.zebra.soho_app -c android.intent.category.LAUNCHER 1\n[16:14:15][DEBUG]&amp;lt;airtest.core.android.adb&amp;gt; C:\\Users\\rk1277\\Desktop\\ZSB_Automation\\venv\\Lib\\site-packages\\airtest\\core\\android\\static\\adb\\windows\\adb.exe -s 2A051JEGR15175 shell am force-stop com.zebra.soho_app\n\n------------------------------ Captured log call -------------------------------\nDEBUG    airtest.core.android.adb:adb.py:182 C:\\Users\\rk1277\\Desktop\\ZSB_Automation\\venv\\Lib\\site-packages\\airtest\\core\\android\\static\\adb\\windows\\adb.exe -s 2A051JEGR15175 shell am force-stop com.zebra.soho_app\nDEBUG    airtest.core.android.adb:adb.py:182 C:\\Users\\rk1277\\Desktop\\ZSB_Automation\\venv\\Lib\\site-packages\\airtest\\core\\android\\static\\adb\\windows\\adb.exe -s 2A051JEGR15175 shell monkey -p com.zebra.soho_app -c android.intent.category.LAUNCHER 1\nDEBUG    airtest.core.android.adb:adb.py:182 C:\\Users\\rk1277\\Desktop\\ZSB_Automation\\venv\\Lib\\site-packages\\airtest\\core\\android\\static\\adb\\windows\\adb.exe -s 2A051JEGR15175 shell am force-stop com.zebra.soho_app\n\n&#34;}], &#34;test_Android_App_Settings.py::test_AppSettings_TestcaseID_47810&#34;: [{&#34;extras&#34;: [], &#34;result&#34;: &#34;Passed&#34;, &#34;testId&#34;: &#34;test_Android_App_Settings.py::test_AppSettings_TestcaseID_47810&#34;, &#34;duration&#34;: &#34;00:00:39&#34;, &#34;resultsTableRow&#34;: [&#34;&lt;td class=\&#34;col-result\&#34;&gt;Passed&lt;/td&gt;&#34;, &#34;&lt;td class=\&#34;col-testId\&#34;&gt;test_Android_App_Settings.py::test_AppSettings_TestcaseID_47810&lt;/td&gt;&#34;, &#34;&lt;td class=\&#34;col-duration\&#34;&gt;00:00:39&lt;/td&gt;&#34;, &#34;&lt;td class=\&#34;col-links\&#34;&gt;&lt;/td&gt;&#34;], &#34;log&#34;: &#34;----------------------------- Captured stdout call -----------------------------\nElement not found, proceeding with the next part of the code.\nElement not found, proceeding with the next part of the code.\n Recently printed Labels text is displaying: UIObjectProxy of &amp;quot;Recently Printed Labels&amp;quot;\n Recently printed Labels text is displaying: UIObjectProxy of &amp;quot;android.view.View&amp;quot;\n\n----------------------------- Captured stderr call -----------------------------\n[16:14:18][DEBUG]&amp;lt;airtest.core.android.adb&amp;gt; C:\\Users\\rk1277\\Desktop\\ZSB_Automation\\venv\\Lib\\site-packages\\airtest\\core\\android\\static\\adb\\windows\\adb.exe -s 2A051JEGR15175 shell am force-stop com.zebra.soho_app\n[16:14:19][DEBUG]&amp;lt;airtest.core.android.adb&amp;gt; C:\\Users\\rk1277\\Desktop\\ZSB_Automation\\venv\\Lib\\site-packages\\airtest\\core\\android\\static\\adb\\windows\\adb.exe -s 2A051JEGR15175 shell monkey -p com.zebra.soho_app -c android.intent.category.LAUNCHER 1\n[16:14:54][DEBUG]&amp;lt;airtest.core.android.adb&amp;gt; C:\\Users\\rk1277\\Desktop\\ZSB_Automation\\venv\\Lib\\site-packages\\airtest\\core\\android\\static\\adb\\windows\\adb.exe -s 2A051JEGR15175 shell am force-stop com.zebra.soho_app\n\n------------------------------ Captured log call -------------------------------\nDEBUG    airtest.core.android.adb:adb.py:182 C:\\Users\\rk1277\\Desktop\\ZSB_Automation\\venv\\Lib\\site-packages\\airtest\\core\\android\\static\\adb\\windows\\adb.exe -s 2A051JEGR15175 shell am force-stop com.zebra.soho_app\nDEBUG    airtest.core.android.adb:adb.py:182 C:\\Users\\rk1277\\Desktop\\ZSB_Automation\\venv\\Lib\\site-packages\\airtest\\core\\android\\static\\adb\\windows\\adb.exe -s 2A051JEGR15175 shell monkey -p com.zebra.soho_app -c android.intent.category.LAUNCHER 1\nDEBUG    airtest.core.android.adb:adb.py:182 C:\\Users\\rk1277\\Desktop\\ZSB_Automation\\venv\\Lib\\site-packages\\airtest\\core\\android\\static\\adb\\windows\\adb.exe -s 2A051JEGR15175 shell am force-stop com.zebra.soho_app\n\n&#34;}], &#34;test_Android_App_Settings.py::test_AppSettings_TestcaseID_47820&#34;: [{&#34;extras&#34;: [], &#34;result&#34;: &#34;Passed&#34;, &#34;testId&#34;: &#34;test_Android_App_Settings.py::test_AppSettings_TestcaseID_47820&#34;, &#34;duration&#34;: &#34;00:00:39&#34;, &#34;resultsTableRow&#34;: [&#34;&lt;td class=\&#34;col-result\&#34;&gt;Passed&lt;/td&gt;&#34;, &#34;&lt;td class=\&#34;col-testId\&#34;&gt;test_Android_App_Settings.py::test_AppSettings_TestcaseID_47820&lt;/td&gt;&#34;, &#34;&lt;td class=\&#34;col-duration\&#34;&gt;00:00:39&lt;/td&gt;&#34;, &#34;&lt;td class=\&#34;col-links\&#34;&gt;&lt;/td&gt;&#34;], &#34;log&#34;: &#34;----------------------------- Captured stdout call -----------------------------\nElement not found, proceeding with the next part of the code.\nElement not found, proceeding with the next part of the code.\n Recently printed Labels text is displaying: UIObjectProxy of &amp;quot;Recently Printed Labels&amp;quot;\n Recently printed Labels text is displaying: UIObjectProxy of &amp;quot;android.view.View&amp;quot;\n Recently printed Labels text is displaying: UIObjectProxy of &amp;quot;Buy More Labels&amp;quot;\n\n----------------------------- Captured stderr call -----------------------------\n[16:14:57][DEBUG]&amp;lt;airtest.core.android.adb&amp;gt; C:\\Users\\rk1277\\Desktop\\ZSB_Automation\\venv\\Lib\\site-packages\\airtest\\core\\android\\static\\adb\\windows\\adb.exe -s 2A051JEGR15175 shell am force-stop com.zebra.soho_app\n[16:14:58][DEBUG]&amp;lt;airtest.core.android.adb&amp;gt; C:\\Users\\rk1277\\Desktop\\ZSB_Automation\\venv\\Lib\\site-packages\\airtest\\core\\android\\static\\adb\\windows\\adb.exe -s 2A051JEGR15175 shell monkey -p com.zebra.soho_app -c android.intent.category.LAUNCHER 1\n[16:15:33][DEBUG]&amp;lt;airtest.core.android.adb&amp;gt; C:\\Users\\rk1277\\Desktop\\ZSB_Automation\\venv\\Lib\\site-packages\\airtest\\core\\android\\static\\adb\\windows\\adb.exe -s 2A051JEGR15175 shell am force-stop com.zebra.soho_app\n\n------------------------------ Captured log call -------------------------------\nDEBUG    airtest.core.android.adb:adb.py:182 C:\\Users\\rk1277\\Desktop\\ZSB_Automation\\venv\\Lib\\site-packages\\airtest\\core\\android\\static\\adb\\windows\\adb.exe -s 2A051JEGR15175 shell am force-stop com.zebra.soho_app\nDEBUG    airtest.core.android.adb:adb.py:182 C:\\Users\\rk1277\\Desktop\\ZSB_Automation\\venv\\Lib\\site-packages\\airtest\\core\\android\\static\\adb\\windows\\adb.exe -s 2A051JEGR15175 shell monkey -p com.zebra.soho_app -c android.intent.category.LAUNCHER 1\nDEBUG    airtest.core.android.adb:adb.py:182 C:\\Users\\rk1277\\Desktop\\ZSB_Automation\\venv\\Lib\\site-packages\\airtest\\core\\android\\static\\adb\\windows\\adb.exe -s 2A051JEGR15175 shell am force-stop com.zebra.soho_app\n\n&#34;}], &#34;test_Android_App_Settings.py::test_AppSettings_TestcaseID_47825&#34;: [{&#34;extras&#34;: [], &#34;result&#34;: &#34;Passed&#34;, &#34;testId&#34;: &#34;test_Android_App_Settings.py::test_AppSettings_TestcaseID_47825&#34;, &#34;duration&#34;: &#34;00:02:48&#34;, &#34;resultsTableRow&#34;: [&#34;&lt;td class=\&#34;col-result\&#34;&gt;Passed&lt;/td&gt;&#34;, &#34;&lt;td class=\&#34;col-testId\&#34;&gt;test_Android_App_Settings.py::test_AppSettings_TestcaseID_47825&lt;/td&gt;&#34;, &#34;&lt;td class=\&#34;col-duration\&#34;&gt;00:02:48&lt;/td&gt;&#34;, &#34;&lt;td class=\&#34;col-links\&#34;&gt;&lt;/td&gt;&#34;], &#34;log&#34;: &#34;----------------------------- Captured stdout call -----------------------------\nElement not found, proceeding with the next part of the code.\nElement not found, proceeding with the next part of the code.\n User Settings text is displaying: UIObjectProxy of &amp;quot;Settings&amp;quot;\n Delete Account text is displaying: UIObjectProxy of &amp;quot;Delete Account&amp;quot;\n Logout Button text is displaying: UIObjectProxy of &amp;quot;Log Out&amp;quot;\n Delete Account text is displaying: UIObjectProxy of &amp;quot;Delete Account&amp;quot;\n Please acknowledge the following to continue text is displaying: UIObjectProxy of &amp;quot;Please acknowledge the following to continue:&amp;quot;\nChecked &amp;amp; Clicked on the  First check box.\nChecked &amp;amp; Clicked on the  Second check box.\nChecked &amp;amp; Clicked on the  Third check box.\n Please acknowledge the following to continue text is displaying: UIObjectProxy of &amp;quot;For your security, you must immediately sign back in one last time to finalize and confirm the deletion of your account. Select \u2018Continue\u2019 to sign out.&amp;quot;\n User Settings text is displaying: UIObjectProxy of &amp;quot;Settings&amp;quot;\nChecked &amp;amp; Clicked on the  First check box.\nChecked &amp;amp; Clicked on the  Second check box.\nChecked &amp;amp; Clicked on the  Third check box.\nChecked &amp;amp; Clicked on the Continue Button.\nElement not found, proceeding with the next part of the code.\nElement not found, proceeding with the next part of the code.\nElement not found, proceeding with the next part of the code.\nElement not found, proceeding with the next part of the code.\n User Settings text is displaying: UIObjectProxy of &amp;quot;Settings&amp;quot;\n\n----------------------------- Captured stderr call -----------------------------\n[16:15:36][DEBUG]&amp;lt;airtest.core.android.adb&amp;gt; C:\\Users\\rk1277\\Desktop\\ZSB_Automation\\venv\\Lib\\site-packages\\airtest\\core\\android\\static\\adb\\windows\\adb.exe -s 2A051JEGR15175 shell am force-stop com.zebra.soho_app\n[16:15:37][DEBUG]&amp;lt;airtest.core.android.adb&amp;gt; C:\\Users\\rk1277\\Desktop\\ZSB_Automation\\venv\\Lib\\site-packages\\airtest\\core\\android\\static\\adb\\windows\\adb.exe -s 2A051JEGR15175 shell monkey -p com.zebra.soho_app -c android.intent.category.LAUNCHER 1\n[16:18:22][DEBUG]&amp;lt;airtest.core.android.adb&amp;gt; C:\\Users\\rk1277\\Desktop\\ZSB_Automation\\venv\\Lib\\site-packages\\airtest\\core\\android\\static\\adb\\windows\\adb.exe -s 2A051JEGR15175 shell am force-stop com.zebra.soho_app\n\n------------------------------ Captured log call -------------------------------\nDEBUG    airtest.core.android.adb:adb.py:182 C:\\Users\\rk1277\\Desktop\\ZSB_Automation\\venv\\Lib\\site-packages\\airtest\\core\\android\\static\\adb\\windows\\adb.exe -s 2A051JEGR15175 shell am force-stop com.zebra.soho_app\nDEBUG    airtest.core.android.adb:adb.py:182 C:\\Users\\rk1277\\Desktop\\ZSB_Automation\\venv\\Lib\\site-packages\\airtest\\core\\android\\static\\adb\\windows\\adb.exe -s 2A051JEGR15175 shell monkey -p com.zebra.soho_app -c android.intent.category.LAUNCHER 1\nDEBUG    airtest.core.android.adb:adb.py:182 C:\\Users\\rk1277\\Desktop\\ZSB_Automation\\venv\\Lib\\site-packages\\airtest\\core\\android\\static\\adb\\windows\\adb.exe -s 2A051JEGR15175 shell am force-stop com.zebra.soho_app\n\n&#34;}], &#34;test_Android_App_Settings.py::test_AppSettings_TestcaseID_47879&#34;: [{&#34;extras&#34;: [], &#34;result&#34;: &#34;Passed&#34;, &#34;testId&#34;: &#34;test_Android_App_Settings.py::test_AppSettings_TestcaseID_47879&#34;, &#34;duration&#34;: &#34;00:00:59&#34;, &#34;resultsTableRow&#34;: [&#34;&lt;td class=\&#34;col-result\&#34;&gt;Passed&lt;/td&gt;&#34;, &#34;&lt;td class=\&#34;col-testId\&#34;&gt;test_Android_App_Settings.py::test_AppSettings_TestcaseID_47879&lt;/td&gt;&#34;, &#34;&lt;td class=\&#34;col-duration\&#34;&gt;00:00:59&lt;/td&gt;&#34;, &#34;&lt;td class=\&#34;col-links\&#34;&gt;&lt;/td&gt;&#34;], &#34;log&#34;: &#34;----------------------------- Captured stdout call -----------------------------\nElement not found, proceeding with the next part of the code.\nElement not found, proceeding with the next part of the code.\nElement not found, proceeding with the next part of the code.\n\n----------------------------- Captured stderr call -----------------------------\n[16:18:25][DEBUG]&amp;lt;airtest.core.android.adb&amp;gt; C:\\Users\\rk1277\\Desktop\\ZSB_Automation\\venv\\Lib\\site-packages\\airtest\\core\\android\\static\\adb\\windows\\adb.exe -s 2A051JEGR15175 shell am force-stop com.zebra.soho_app\n[16:18:26][DEBUG]&amp;lt;airtest.core.android.adb&amp;gt; C:\\Users\\rk1277\\Desktop\\ZSB_Automation\\venv\\Lib\\site-packages\\airtest\\core\\android\\static\\adb\\windows\\adb.exe -s 2A051JEGR15175 shell monkey -p com.zebra.soho_app -c android.intent.category.LAUNCHER 1\n[16:19:21][DEBUG]&amp;lt;airtest.core.android.adb&amp;gt; C:\\Users\\rk1277\\Desktop\\ZSB_Automation\\venv\\Lib\\site-packages\\airtest\\core\\android\\static\\adb\\windows\\adb.exe -s 2A051JEGR15175 shell am force-stop com.zebra.soho_app\n\n------------------------------ Captured log call -------------------------------\nDEBUG    airtest.core.android.adb:adb.py:182 C:\\Users\\rk1277\\Desktop\\ZSB_Automation\\venv\\Lib\\site-packages\\airtest\\core\\android\\static\\adb\\windows\\adb.exe -s 2A051JEGR15175 shell am force-stop com.zebra.soho_app\nDEBUG    airtest.core.android.adb:adb.py:182 C:\\Users\\rk1277\\Desktop\\ZSB_Automation\\venv\\Lib\\site-packages\\airtest\\core\\android\\static\\adb\\windows\\adb.exe -s 2A051JEGR15175 shell monkey -p com.zebra.soho_app -c android.intent.category.LAUNCHER 1\nDEBUG    airtest.core.android.adb:adb.py:182 C:\\Users\\rk1277\\Desktop\\ZSB_Automation\\venv\\Lib\\site-packages\\airtest\\core\\android\\static\\adb\\windows\\adb.exe -s 2A051JEGR15175 shell am force-stop com.zebra.soho_app\n\n&#34;}], &#34;test_Android_App_Settings.py::test_AppSettings_TestcaseID_47880&#34;: [{&#34;extras&#34;: [], &#34;result&#34;: &#34;Passed&#34;, &#34;testId&#34;: &#34;test_Android_App_Settings.py::test_AppSettings_TestcaseID_47880&#34;, &#34;duration&#34;: &#34;00:00:40&#34;, &#34;resultsTableRow&#34;: [&#34;&lt;td class=\&#34;col-result\&#34;&gt;Passed&lt;/td&gt;&#34;, &#34;&lt;td class=\&#34;col-testId\&#34;&gt;test_Android_App_Settings.py::test_AppSettings_TestcaseID_47880&lt;/td&gt;&#34;, &#34;&lt;td class=\&#34;col-duration\&#34;&gt;00:00:40&lt;/td&gt;&#34;, &#34;&lt;td class=\&#34;col-links\&#34;&gt;&lt;/td&gt;&#34;], &#34;log&#34;: &#34;----------------------------- Captured stdout call -----------------------------\nElement not found, proceeding with the next part of the code.\nElement not found, proceeding with the next part of the code.\n\n----------------------------- Captured stderr call -----------------------------\n[16:19:24][DEBUG]&amp;lt;airtest.core.android.adb&amp;gt; C:\\Users\\rk1277\\Desktop\\ZSB_Automation\\venv\\Lib\\site-packages\\airtest\\core\\android\\static\\adb\\windows\\adb.exe -s 2A051JEGR15175 shell am force-stop com.zebra.soho_app\n[16:19:25][DEBUG]&amp;lt;airtest.core.android.adb&amp;gt; C:\\Users\\rk1277\\Desktop\\ZSB_Automation\\venv\\Lib\\site-packages\\airtest\\core\\android\\static\\adb\\windows\\adb.exe -s 2A051JEGR15175 shell monkey -p com.zebra.soho_app -c android.intent.category.LAUNCHER 1\n[16:20:01][DEBUG]&amp;lt;airtest.core.android.adb&amp;gt; C:\\Users\\rk1277\\Desktop\\ZSB_Automation\\venv\\Lib\\site-packages\\airtest\\core\\android\\static\\adb\\windows\\adb.exe -s 2A051JEGR15175 shell am force-stop com.zebra.soho_app\n\n------------------------------ Captured log call -------------------------------\nDEBUG    airtest.core.android.adb:adb.py:182 C:\\Users\\rk1277\\Desktop\\ZSB_Automation\\venv\\Lib\\site-packages\\airtest\\core\\android\\static\\adb\\windows\\adb.exe -s 2A051JEGR15175 shell am force-stop com.zebra.soho_app\nDEBUG    airtest.core.android.adb:adb.py:182 C:\\Users\\rk1277\\Desktop\\ZSB_Automation\\venv\\Lib\\site-packages\\airtest\\core\\android\\static\\adb\\windows\\adb.exe -s 2A051JEGR15175 shell monkey -p com.zebra.soho_app -c android.intent.category.LAUNCHER 1\nDEBUG    airtest.core.android.adb:adb.py:182 C:\\Users\\rk1277\\Desktop\\ZSB_Automation\\venv\\Lib\\site-packages\\airtest\\core\\android\\static\\adb\\windows\\adb.exe -s 2A051JEGR15175 shell am force-stop com.zebra.soho_app\n\n&#34;}], &#34;test_Android_App_Settings.py::test_AppSettings_TestcaseID_47911&#34;: [{&#34;extras&#34;: [], &#34;result&#34;: &#34;Passed&#34;, &#34;testId&#34;: &#34;test_Android_App_Settings.py::test_AppSettings_TestcaseID_47911&#34;, &#34;duration&#34;: &#34;00:00:49&#34;, &#34;resultsTableRow&#34;: [&#34;&lt;td class=\&#34;col-result\&#34;&gt;Passed&lt;/td&gt;&#34;, &#34;&lt;td class=\&#34;col-testId\&#34;&gt;test_Android_App_Settings.py::test_AppSettings_TestcaseID_47911&lt;/td&gt;&#34;, &#34;&lt;td class=\&#34;col-duration\&#34;&gt;00:00:49&lt;/td&gt;&#34;, &#34;&lt;td class=\&#34;col-links\&#34;&gt;&lt;/td&gt;&#34;], &#34;log&#34;: &#34;----------------------------- Captured stdout call -----------------------------\nElement not found, proceeding with the next part of the code.\nElement not found, proceeding with the next part of the code.\n\n----------------------------- Captured stderr call -----------------------------\n[16:20:04][DEBUG]&amp;lt;airtest.core.android.adb&amp;gt; C:\\Users\\rk1277\\Desktop\\ZSB_Automation\\venv\\Lib\\site-packages\\airtest\\core\\android\\static\\adb\\windows\\adb.exe -s 2A051JEGR15175 shell am force-stop com.zebra.soho_app\n[16:20:05][DEBUG]&amp;lt;airtest.core.android.adb&amp;gt; C:\\Users\\rk1277\\Desktop\\ZSB_Automation\\venv\\Lib\\site-packages\\airtest\\core\\android\\static\\adb\\windows\\adb.exe -s 2A051JEGR15175 shell monkey -p com.zebra.soho_app -c android.intent.category.LAUNCHER 1\n[16:20:50][DEBUG]&amp;lt;airtest.core.android.adb&amp;gt; C:\\Users\\rk1277\\Desktop\\ZSB_Automation\\venv\\Lib\\site-packages\\airtest\\core\\android\\static\\adb\\windows\\adb.exe -s 2A051JEGR15175 shell am force-stop com.zebra.soho_app\n\n------------------------------ Captured log call -------------------------------\nDEBUG    airtest.core.android.adb:adb.py:182 C:\\Users\\rk1277\\Desktop\\ZSB_Automation\\venv\\Lib\\site-packages\\airtest\\core\\android\\static\\adb\\windows\\adb.exe -s 2A051JEGR15175 shell am force-stop com.zebra.soho_app\nDEBUG    airtest.core.android.adb:adb.py:182 C:\\Users\\rk1277\\Desktop\\ZSB_Automation\\venv\\Lib\\site-packages\\airtest\\core\\android\\static\\adb\\windows\\adb.exe -s 2A051JEGR15175 shell monkey -p com.zebra.soho_app -c android.intent.category.LAUNCHER 1\nDEBUG    airtest.core.android.adb:adb.py:182 C:\\Users\\rk1277\\Desktop\\ZSB_Automation\\venv\\Lib\\site-packages\\airtest\\core\\android\\static\\adb\\windows\\adb.exe -s 2A051JEGR15175 shell am force-stop com.zebra.soho_app\n\n&#34;}], &#34;test_Android_App_Settings.py::test_AppSettings_TestcaseID_47914&#34;: [{&#34;extras&#34;: [], &#34;result&#34;: &#34;Passed&#34;, &#34;testId&#34;: &#34;test_Android_App_Settings.py::test_AppSettings_TestcaseID_47914&#34;, &#34;duration&#34;: &#34;00:00:50&#34;, &#34;resultsTableRow&#34;: [&#34;&lt;td class=\&#34;col-result\&#34;&gt;Passed&lt;/td&gt;&#34;, &#34;&lt;td class=\&#34;col-testId\&#34;&gt;test_Android_App_Settings.py::test_AppSettings_TestcaseID_47914&lt;/td&gt;&#34;, &#34;&lt;td class=\&#34;col-duration\&#34;&gt;00:00:50&lt;/td&gt;&#34;, &#34;&lt;td class=\&#34;col-links\&#34;&gt;&lt;/td&gt;&#34;], &#34;log&#34;: &#34;----------------------------- Captured stdout call -----------------------------\nElement not found, proceeding with the next part of the code.\nElement not found, proceeding with the next part of the code.\nHome Text is present on home page: UIObjectProxy of &amp;quot;Home&amp;quot;\n Discovered Devices Text is displaying: UIObjectProxy of &amp;quot;Discovered printers&amp;quot;\n[&amp;#x27;Printer model: &amp;#x27;, &amp;#x27;ZSB-DP12&amp;#x27;, &amp;#x27;Bluetooth ID: &amp;#x27;, &amp;#x27;C710B9&amp;#x27;]\n\n----------------------------- Captured stderr call -----------------------------\n[16:20:54][DEBUG]&amp;lt;airtest.core.android.adb&amp;gt; C:\\Users\\rk1277\\Desktop\\ZSB_Automation\\venv\\Lib\\site-packages\\airtest\\core\\android\\static\\adb\\windows\\adb.exe -s 2A051JEGR15175 shell am force-stop com.zebra.soho_app\n[16:20:55][DEBUG]&amp;lt;airtest.core.android.adb&amp;gt; C:\\Users\\rk1277\\Desktop\\ZSB_Automation\\venv\\Lib\\site-packages\\airtest\\core\\android\\static\\adb\\windows\\adb.exe -s 2A051JEGR15175 shell monkey -p com.zebra.soho_app -c android.intent.category.LAUNCHER 1\n[16:21:41][DEBUG]&amp;lt;airtest.core.android.adb&amp;gt; C:\\Users\\rk1277\\Desktop\\ZSB_Automation\\venv\\Lib\\site-packages\\airtest\\core\\android\\static\\adb\\windows\\adb.exe -s 2A051JEGR15175 shell am force-stop com.zebra.soho_app\n\n------------------------------ Captured log call -------------------------------\nDEBUG    airtest.core.android.adb:adb.py:182 C:\\Users\\rk1277\\Desktop\\ZSB_Automation\\venv\\Lib\\site-packages\\airtest\\core\\android\\static\\adb\\windows\\adb.exe -s 2A051JEGR15175 shell am force-stop com.zebra.soho_app\nDEBUG    airtest.core.android.adb:adb.py:182 C:\\Users\\rk1277\\Desktop\\ZSB_Automation\\venv\\Lib\\site-packages\\airtest\\core\\android\\static\\adb\\windows\\adb.exe -s 2A051JEGR15175 shell monkey -p com.zebra.soho_app -c android.intent.category.LAUNCHER 1\nDEBUG    airtest.core.android.adb:adb.py:182 C:\\Users\\rk1277\\Desktop\\ZSB_Automation\\venv\\Lib\\site-packages\\airtest\\core\\android\\static\\adb\\windows\\adb.exe -s 2A051JEGR15175 shell am force-stop com.zebra.soho_app\n\n&#34;}], &#34;test_Android_App_Settings.py::test_AppSettings_TestcaseID_47915&#34;: [{&#34;extras&#34;: [], &#34;result&#34;: &#34;Passed&#34;, &#34;testId&#34;: &#34;test_Android_App_Settings.py::test_AppSettings_TestcaseID_47915&#34;, &#34;duration&#34;: &#34;00:00:52&#34;, &#34;resultsTableRow&#34;: [&#34;&lt;td class=\&#34;col-result\&#34;&gt;Passed&lt;/td&gt;&#34;, &#34;&lt;td class=\&#34;col-testId\&#34;&gt;test_Android_App_Settings.py::test_AppSettings_TestcaseID_47915&lt;/td&gt;&#34;, &#34;&lt;td class=\&#34;col-duration\&#34;&gt;00:00:52&lt;/td&gt;&#34;, &#34;&lt;td class=\&#34;col-links\&#34;&gt;&lt;/td&gt;&#34;], &#34;log&#34;: &#34;----------------------------- Captured stdout call -----------------------------\nElement not found, proceeding with the next part of the code.\nElement not found, proceeding with the next part of the code.\nHome Text is present on home page: UIObjectProxy of &amp;quot;Home&amp;quot;\nElement not found, proceeding with the next part of the code.\n\n----------------------------- Captured stderr call -----------------------------\n[16:21:44][DEBUG]&amp;lt;airtest.core.android.adb&amp;gt; C:\\Users\\rk1277\\Desktop\\ZSB_Automation\\venv\\Lib\\site-packages\\airtest\\core\\android\\static\\adb\\windows\\adb.exe -s 2A051JEGR15175 shell am force-stop com.zebra.soho_app\n[16:21:45][DEBUG]&amp;lt;airtest.core.android.adb&amp;gt; C:\\Users\\rk1277\\Desktop\\ZSB_Automation\\venv\\Lib\\site-packages\\airtest\\core\\android\\static\\adb\\windows\\adb.exe -s 2A051JEGR15175 shell monkey -p com.zebra.soho_app -c android.intent.category.LAUNCHER 1\n[16:22:32][DEBUG]&amp;lt;airtest.core.android.adb&amp;gt; C:\\Users\\rk1277\\Desktop\\ZSB_Automation\\venv\\Lib\\site-packages\\airtest\\core\\android\\static\\adb\\windows\\adb.exe -s 2A051JEGR15175 shell am force-stop com.zebra.soho_app\n\n------------------------------ Captured log call -------------------------------\nDEBUG    airtest.core.android.adb:adb.py:182 C:\\Users\\rk1277\\Desktop\\ZSB_Automation\\venv\\Lib\\site-packages\\airtest\\core\\android\\static\\adb\\windows\\adb.exe -s 2A051JEGR15175 shell am force-stop com.zebra.soho_app\nDEBUG    airtest.core.android.adb:adb.py:182 C:\\Users\\rk1277\\Desktop\\ZSB_Automation\\venv\\Lib\\site-packages\\airtest\\core\\android\\static\\adb\\windows\\adb.exe -s 2A051JEGR15175 shell monkey -p com.zebra.soho_app -c android.intent.category.LAUNCHER 1\nDEBUG    airtest.core.android.adb:adb.py:182 C:\\Users\\rk1277\\Desktop\\ZSB_Automation\\venv\\Lib\\site-packages\\airtest\\core\\android\\static\\adb\\windows\\adb.exe -s 2A051JEGR15175 shell am force-stop com.zebra.soho_app\n\n&#34;}], &#34;test_Android_App_Settings.py::test_AppSettings_TestcaseID_47917&#34;: [{&#34;extras&#34;: [], &#34;result&#34;: &#34;Passed&#34;, &#34;testId&#34;: &#34;test_Android_App_Settings.py::test_AppSettings_TestcaseID_47917&#34;, &#34;duration&#34;: &#34;00:01:16&#34;, &#34;resultsTableRow&#34;: [&#34;&lt;td class=\&#34;col-result\&#34;&gt;Passed&lt;/td&gt;&#34;, &#34;&lt;td class=\&#34;col-testId\&#34;&gt;test_Android_App_Settings.py::test_AppSettings_TestcaseID_47917&lt;/td&gt;&#34;, &#34;&lt;td class=\&#34;col-duration\&#34;&gt;00:01:16&lt;/td&gt;&#34;, &#34;&lt;td class=\&#34;col-links\&#34;&gt;&lt;/td&gt;&#34;], &#34;log&#34;: &#34;----------------------------- Captured stdout call -----------------------------\nElement not found, proceeding with the next part of the code.\nElement not found, proceeding with the next part of the code.\nHome Text is present on home page: UIObjectProxy of &amp;quot;Home&amp;quot;\n\n----------------------------- Captured stderr call -----------------------------\n[16:22:36][DEBUG]&amp;lt;airtest.core.android.adb&amp;gt; C:\\Users\\rk1277\\Desktop\\ZSB_Automation\\venv\\Lib\\site-packages\\airtest\\core\\android\\static\\adb\\windows\\adb.exe -s 2A051JEGR15175 shell am force-stop com.zebra.soho_app\n[16:22:37][DEBUG]&amp;lt;airtest.core.android.adb&amp;gt; C:\\Users\\rk1277\\Desktop\\ZSB_Automation\\venv\\Lib\\site-packages\\airtest\\core\\android\\static\\adb\\windows\\adb.exe -s 2A051JEGR15175 shell monkey -p com.zebra.soho_app -c android.intent.category.LAUNCHER 1\n[16:23:48][DEBUG]&amp;lt;airtest.core.android.adb&amp;gt; C:\\Users\\rk1277\\Desktop\\ZSB_Automation\\venv\\Lib\\site-packages\\airtest\\core\\android\\static\\adb\\windows\\adb.exe -s 2A051JEGR15175 shell am force-stop com.zebra.soho_app\n\n------------------------------ Captured log call -------------------------------\nDEBUG    airtest.core.android.adb:adb.py:182 C:\\Users\\rk1277\\Desktop\\ZSB_Automation\\venv\\Lib\\site-packages\\airtest\\core\\android\\static\\adb\\windows\\adb.exe -s 2A051JEGR15175 shell am force-stop com.zebra.soho_app\nDEBUG    airtest.core.android.adb:adb.py:182 C:\\Users\\rk1277\\Desktop\\ZSB_Automation\\venv\\Lib\\site-packages\\airtest\\core\\android\\static\\adb\\windows\\adb.exe -s 2A051JEGR15175 shell monkey -p com.zebra.soho_app -c android.intent.category.LAUNCHER 1\nDEBUG    airtest.core.android.adb:adb.py:182 C:\\Users\\rk1277\\Desktop\\ZSB_Automation\\venv\\Lib\\site-packages\\airtest\\core\\android\\static\\adb\\windows\\adb.exe -s 2A051JEGR15175 shell am force-stop com.zebra.soho_app\n\n&#34;}], &#34;test_Android_App_Settings.py::test_AppSettings_TestcaseID_47923&#34;: [{&#34;extras&#34;: [], &#34;result&#34;: &#34;Passed&#34;, &#34;testId&#34;: &#34;test_Android_App_Settings.py::test_AppSettings_TestcaseID_47923&#34;, &#34;duration&#34;: &#34;00:02:03&#34;, &#34;resultsTableRow&#34;: [&#34;&lt;td class=\&#34;col-result\&#34;&gt;Passed&lt;/td&gt;&#34;, &#34;&lt;td class=\&#34;col-testId\&#34;&gt;test_Android_App_Settings.py::test_AppSettings_TestcaseID_47923&lt;/td&gt;&#34;, &#34;&lt;td class=\&#34;col-duration\&#34;&gt;00:02:03&lt;/td&gt;&#34;, &#34;&lt;td class=\&#34;col-links\&#34;&gt;&lt;/td&gt;&#34;], &#34;log&#34;: &#34;----------------------------- Captured stdout call -----------------------------\nElement not found, proceeding with the next part of the code.\nElement not found, proceeding with the next part of the code.\n Delete Account text is displaying: UIObjectProxy of &amp;quot;Delete Account&amp;quot;\nElement not found, proceeding with the next part of the code.\nElement not found, proceeding with the next part of the code.\n Delete Account text is displaying: UIObjectProxy of &amp;quot;Delete Account&amp;quot;\n\n----------------------------- Captured stderr call -----------------------------\n[16:23:52][DEBUG]&amp;lt;airtest.core.android.adb&amp;gt; C:\\Users\\rk1277\\Desktop\\ZSB_Automation\\venv\\Lib\\site-packages\\airtest\\core\\android\\static\\adb\\windows\\adb.exe -s 2A051JEGR15175 shell am force-stop com.zebra.soho_app\n[16:23:53][DEBUG]&amp;lt;airtest.core.android.adb&amp;gt; C:\\Users\\rk1277\\Desktop\\ZSB_Automation\\venv\\Lib\\site-packages\\airtest\\core\\android\\static\\adb\\windows\\adb.exe -s 2A051JEGR15175 shell monkey -p com.zebra.soho_app -c android.intent.category.LAUNCHER 1\n[16:24:44][DEBUG]&amp;lt;airtest.core.android.adb&amp;gt; C:\\Users\\rk1277\\Desktop\\ZSB_Automation\\venv\\Lib\\site-packages\\airtest\\core\\android\\static\\adb\\windows\\adb.exe -s 2A051JEGR15175 shell dumpsys package com.netease.nie.yosemite\n[16:24:45][DEBUG]&amp;lt;airtest.core.android.adb&amp;gt; C:\\Users\\rk1277\\Desktop\\ZSB_Automation\\venv\\Lib\\site-packages\\airtest\\core\\android\\static\\adb\\windows\\adb.exe -s 2A051JEGR15175 shell settings get secure default_input_method\n[16:24:45][DEBUG]&amp;lt;airtest.core.android.adb&amp;gt; C:\\Users\\rk1277\\Desktop\\ZSB_Automation\\venv\\Lib\\site-packages\\airtest\\core\\android\\static\\adb\\windows\\adb.exe -s 2A051JEGR15175 shell ime list -a\n[16:24:45][DEBUG]&amp;lt;airtest.core.android.adb&amp;gt; C:\\Users\\rk1277\\Desktop\\ZSB_Automation\\venv\\Lib\\site-packages\\airtest\\core\\android\\static\\adb\\windows\\adb.exe -s 2A051JEGR15175 shell ime enable com.netease.nie.yosemite/.ime.ImeService\n[16:24:45][DEBUG]&amp;lt;airtest.core.android.adb&amp;gt; C:\\Users\\rk1277\\Desktop\\ZSB_Automation\\venv\\Lib\\site-packages\\airtest\\core\\android\\static\\adb\\windows\\adb.exe -s 2A051JEGR15175 shell ime set com.netease.nie.yosemite/.ime.ImeService\n[16:24:45][DEBUG]&amp;lt;airtest.core.android.adb&amp;gt; C:\\Users\\rk1277\\Desktop\\ZSB_Automation\\venv\\Lib\\site-packages\\airtest\\core\\android\\static\\adb\\windows\\adb.exe -s 2A051JEGR15175 shell am broadcast -a ADB_INPUT_TEXT --es msg\n[16:24:45][DEBUG]&amp;lt;airtest.core.android.adb&amp;gt; C:\\Users\\rk1277\\Desktop\\ZSB_Automation\\venv\\Lib\\site-packages\\airtest\\core\\android\\static\\adb\\windows\\adb.exe -s 2A051JEGR15175 shell input keyevent ENTER\n[16:24:46][DEBUG]&amp;lt;airtest.core.android.adb&amp;gt; C:\\Users\\rk1277\\Desktop\\ZSB_Automation\\venv\\Lib\\site-packages\\airtest\\core\\android\\static\\adb\\windows\\adb.exe -s 2A051JEGR15175 shell am broadcast -a ADB_INPUT_TEXT --es msg Zebra01.swdvt\\@icloud.com\n[16:24:46][DEBUG]&amp;lt;airtest.core.android.adb&amp;gt; C:\\Users\\rk1277\\Desktop\\ZSB_Automation\\venv\\Lib\\site-packages\\airtest\\core\\android\\static\\adb\\windows\\adb.exe -s 2A051JEGR15175 shell input keyevent ENTER\n[16:25:51][DEBUG]&amp;lt;airtest.core.android.adb&amp;gt; C:\\Users\\rk1277\\Desktop\\ZSB_Automation\\venv\\Lib\\site-packages\\airtest\\core\\android\\static\\adb\\windows\\adb.exe -s 2A051JEGR15175 shell am force-stop com.zebra.soho_app\n\n------------------------------ Captured log call -------------------------------\nDEBUG    airtest.core.android.adb:adb.py:182 C:\\Users\\rk1277\\Desktop\\ZSB_Automation\\venv\\Lib\\site-packages\\airtest\\core\\android\\static\\adb\\windows\\adb.exe -s 2A051JEGR15175 shell am force-stop com.zebra.soho_app\nDEBUG    airtest.core.android.adb:adb.py:182 C:\\Users\\rk1277\\Desktop\\ZSB_Automation\\venv\\Lib\\site-packages\\airtest\\core\\android\\static\\adb\\windows\\adb.exe -s 2A051JEGR15175 shell monkey -p com.zebra.soho_app -c android.intent.category.LAUNCHER 1\nDEBUG    airtest.core.android.adb:adb.py:182 C:\\Users\\rk1277\\Desktop\\ZSB_Automation\\venv\\Lib\\site-packages\\airtest\\core\\android\\static\\adb\\windows\\adb.exe -s 2A051JEGR15175 shell dumpsys package com.netease.nie.yosemite\nDEBUG    airtest.core.android.adb:adb.py:182 C:\\Users\\rk1277\\Desktop\\ZSB_Automation\\venv\\Lib\\site-packages\\airtest\\core\\android\\static\\adb\\windows\\adb.exe -s 2A051JEGR15175 shell settings get secure default_input_method\nDEBUG    airtest.core.android.adb:adb.py:182 C:\\Users\\rk1277\\Desktop\\ZSB_Automation\\venv\\Lib\\site-packages\\airtest\\core\\android\\static\\adb\\windows\\adb.exe -s 2A051JEGR15175 shell ime list -a\nDEBUG    airtest.core.android.adb:adb.py:182 C:\\Users\\rk1277\\Desktop\\ZSB_Automation\\venv\\Lib\\site-packages\\airtest\\core\\android\\static\\adb\\windows\\adb.exe -s 2A051JEGR15175 shell ime enable com.netease.nie.yosemite/.ime.ImeService\nDEBUG    airtest.core.android.adb:adb.py:182 C:\\Users\\rk1277\\Desktop\\ZSB_Automation\\venv\\Lib\\site-packages\\airtest\\core\\android\\static\\adb\\windows\\adb.exe -s 2A051JEGR15175 shell ime set com.netease.nie.yosemite/.ime.ImeService\nDEBUG    airtest.core.android.adb:adb.py:182 C:\\Users\\rk1277\\Desktop\\ZSB_Automation\\venv\\Lib\\site-packages\\airtest\\core\\android\\static\\adb\\windows\\adb.exe -s 2A051JEGR15175 shell am broadcast -a ADB_INPUT_TEXT --es msg\nDEBUG    airtest.core.android.adb:adb.py:182 C:\\Users\\rk1277\\Desktop\\ZSB_Automation\\venv\\Lib\\site-packages\\airtest\\core\\android\\static\\adb\\windows\\adb.exe -s 2A051JEGR15175 shell input keyevent ENTER\nDEBUG    airtest.core.android.adb:adb.py:182 C:\\Users\\rk1277\\Desktop\\ZSB_Automation\\venv\\Lib\\site-packages\\airtest\\core\\android\\static\\adb\\windows\\adb.exe -s 2A051JEGR15175 shell am broadcast -a ADB_INPUT_TEXT --es msg Zebra01.swdvt\\@icloud.com\nDEBUG    airtest.core.android.adb:adb.py:182 C:\\Users\\rk1277\\Desktop\\ZSB_Automation\\venv\\Lib\\site-packages\\airtest\\core\\android\\static\\adb\\windows\\adb.exe -s 2A051JEGR15175 shell input keyevent ENTER\nDEBUG    airtest.core.android.adb:adb.py:182 C:\\Users\\rk1277\\Desktop\\ZSB_Automation\\venv\\Lib\\site-packages\\airtest\\core\\android\\static\\adb\\windows\\adb.exe -s 2A051JEGR15175 shell am force-stop com.zebra.soho_app\n\n&#34;}], &#34;test_Android_App_Settings.py::test_AppSettings_TestcaseID_47956&#34;: [{&#34;extras&#34;: [], &#34;result&#34;: &#34;Passed&#34;, &#34;testId&#34;: &#34;test_Android_App_Settings.py::test_AppSettings_TestcaseID_47956&#34;, &#34;duration&#34;: &#34;00:00:56&#34;, &#34;resultsTableRow&#34;: [&#34;&lt;td class=\&#34;col-result\&#34;&gt;Passed&lt;/td&gt;&#34;, &#34;&lt;td class=\&#34;col-testId\&#34;&gt;test_Android_App_Settings.py::test_AppSettings_TestcaseID_47956&lt;/td&gt;&#34;, &#34;&lt;td class=\&#34;col-duration\&#34;&gt;00:00:56&lt;/td&gt;&#34;, &#34;&lt;td class=\&#34;col-links\&#34;&gt;&lt;/td&gt;&#34;], &#34;log&#34;: &#34;----------------------------- Captured stdout call -----------------------------\nElement not found, proceeding with the next part of the code.\nElement not found, proceeding with the next part of the code.\n User Settings text is displaying: UIObjectProxy of &amp;quot;Settings&amp;quot;\n\n----------------------------- Captured stderr call -----------------------------\n[16:25:54][DEBUG]&amp;lt;airtest.core.android.adb&amp;gt; C:\\Users\\rk1277\\Desktop\\ZSB_Automation\\venv\\Lib\\site-packages\\airtest\\core\\android\\static\\adb\\windows\\adb.exe -s 2A051JEGR15175 shell am force-stop com.zebra.soho_app\n[16:25:56][DEBUG]&amp;lt;airtest.core.android.adb&amp;gt; C:\\Users\\rk1277\\Desktop\\ZSB_Automation\\venv\\Lib\\site-packages\\airtest\\core\\android\\static\\adb\\windows\\adb.exe -s 2A051JEGR15175 shell monkey -p com.zebra.soho_app -c android.intent.category.LAUNCHER 1\n[16:26:47][DEBUG]&amp;lt;airtest.core.android.adb&amp;gt; C:\\Users\\rk1277\\Desktop\\ZSB_Automation\\venv\\Lib\\site-packages\\airtest\\core\\android\\static\\adb\\windows\\adb.exe -s 2A051JEGR15175 shell am force-stop com.zebra.soho_app\n\n------------------------------ Captured log call -------------------------------\nDEBUG    airtest.core.android.adb:adb.py:182 C:\\Users\\rk1277\\Desktop\\ZSB_Automation\\venv\\Lib\\site-packages\\airtest\\core\\android\\static\\adb\\windows\\adb.exe -s 2A051JEGR15175 shell am force-stop com.zebra.soho_app\nDEBUG    airtest.core.android.adb:adb.py:182 C:\\Users\\rk1277\\Desktop\\ZSB_Automation\\venv\\Lib\\site-packages\\airtest\\core\\android\\static\\adb\\windows\\adb.exe -s 2A051JEGR15175 shell monkey -p com.zebra.soho_app -c android.intent.category.LAUNCHER 1\nDEBUG    airtest.core.android.adb:adb.py:182 C:\\Users\\rk1277\\Desktop\\ZSB_Automation\\venv\\Lib\\site-packages\\airtest\\core\\android\\static\\adb\\windows\\adb.exe -s 2A051JEGR15175 shell am force-stop com.zebra.soho_app\n\n&#34;}], &#34;test_Android_App_Settings.py::test_AppSettings_TestcaseID_45688&#34;: [{&#34;extras&#34;: [], &#34;result&#34;: &#34;Failed&#34;, &#34;testId&#34;: &#34;test_Android_App_Settings.py::test_AppSettings_TestcaseID_45688&#34;, &#34;duration&#34;: &#34;00:00:32&#34;, &#34;resultsTableRow&#34;: [&#34;&lt;td class=\&#34;col-result\&#34;&gt;Failed&lt;/td&gt;&#34;, &#34;&lt;td class=\&#34;col-testId\&#34;&gt;test_Android_App_Settings.py::test_AppSettings_TestcaseID_45688&lt;/td&gt;&#34;, &#34;&lt;td class=\&#34;col-duration\&#34;&gt;00:00:32&lt;/td&gt;&#34;, &#34;&lt;td class=\&#34;col-links\&#34;&gt;&lt;/td&gt;&#34;], &#34;log&#34;: &#34;proxy = UIObjectProxy of &amp;quot;ZSB-DP12\nTab 2 of 3&amp;quot;, args = (), kwargs = {}\n\n    @wraps(func)\n    def wrapped(proxy, *args, **kwargs):\n        try:\n            return func(proxy, *args, **kwargs)\n        except PocoNoSuchNodeException as e:\n            try:\n&amp;gt;               proxy.wait_for_appearance(timeout=proxy.poco._pre_action_wait_for_appearance)\n\n..\\..\\..\\..\\..\\PycharmProjects\\pythonProject1\\ZSB_Automation\\venv\\Lib\\site-packages\\poco\\proxy.py:26: \n_ _ _ _ _ _ _ _ _ _ _ _ _ _ _ _ _ _ _ _ _ _ _ _ _ _ _ _ _ _ _ _ _ _ _ _ _ _ _ _ _ _ _ _ _ _ _ _ _ _ _ _ _ _ _ _ _ _ _ _ _ _ _ _ _ _ _ _ _ _ _ _ _ _ _ _ _ _ _ _ _ _ _ _ _ _ _ _ _ _\n\nself = UIObjectProxy of &amp;quot;ZSB-DP12\nTab 2 of 3&amp;quot;, timeout = 6\n\n    def wait_for_appearance(self, timeout=120):\n        &amp;quot;&amp;quot;&amp;quot;\n        Block and wait until the UI element **appears** within the given timeout. When timeout, the\n        :py:class:`PocoTargetTimeout &amp;lt;poco.exceptions.PocoTargetTimeout&amp;gt;` is raised.\n    \n        Args:\n            timeout: maximum waiting time in seconds\n    \n        Raises:\n            PocoTargetTimeout: when timeout\n        &amp;quot;&amp;quot;&amp;quot;\n    \n        start = time.time()\n        while not self.exists():\n            self.poco.sleep_for_polling_interval()\n            if time.time() - start &amp;gt; timeout:\n&amp;gt;               raise PocoTargetTimeout(&amp;#x27;appearance&amp;#x27;, self)\nE               poco.exceptions.PocoTargetTimeout: Waiting timeout for appearance of &amp;quot;UIObjectProxy of &amp;quot;ZSB-DP12\nE               Tab 2 of 3&amp;quot;&amp;quot;\n\n..\\..\\..\\..\\..\\PycharmProjects\\pythonProject1\\ZSB_Automation\\venv\\Lib\\site-packages\\poco\\proxy.py:679: PocoTargetTimeout\n\nDuring handling of the above exception, another exception occurred:\n\n    def test_AppSettings_TestcaseID_45688():\n        &amp;quot;&amp;quot;&amp;quot;&amp;quot;&amp;quot;&amp;quot;&amp;quot;&amp;quot;&amp;quot;Verify Wifi Settings&amp;quot;&amp;quot;&amp;quot;&amp;quot;&amp;quot;\n    \n        &amp;quot;&amp;quot;&amp;quot;&amp;quot;&amp;quot;Install the latest production app on the phone &amp;amp; printer should be added and it should be connected to wifi&amp;quot;&amp;quot;&amp;quot;&amp;quot;&amp;quot;&amp;quot;&amp;quot;&amp;quot;&amp;quot;\n        &amp;quot;&amp;quot;&amp;quot;&amp;quot;&amp;quot;&amp;quot;&amp;quot;&amp;quot;&amp;quot;Create the object for Login page &amp;amp; Common_Method page to reuse the methods&amp;quot;&amp;quot;&amp;quot;&amp;quot;&amp;quot;&amp;quot;&amp;quot;&amp;quot;&amp;quot;&amp;quot;&amp;quot;\n        #\n        # :\n        &amp;quot;&amp;quot;&amp;quot;&amp;quot;&amp;quot;Check whether App is installed or not&amp;quot;&amp;quot;&amp;quot;\n        common_method.tearDown()\n        login_page.click_LoginAllow_Popup()\n        login_page.click_Allow_ZSB_Series_Popup()\n        &amp;quot;&amp;quot;&amp;quot;&amp;quot;&amp;quot;&amp;quot;&amp;quot;click on the left hamburger menu on the home page&amp;quot;&amp;quot;&amp;quot;&amp;quot;&amp;quot;&amp;quot;&amp;quot;&amp;quot;&amp;quot;\n        login_page.click_Menu_HamburgerICN()\n        &amp;quot;&amp;quot;&amp;quot;&amp;quot;&amp;quot;click on the printer settings tab&amp;quot;&amp;quot;&amp;quot;\n        app_settings_page.click_Printer_Settings()\n        &amp;quot;&amp;quot;&amp;quot;&amp;quot;&amp;quot;click on the printer tab&amp;quot;&amp;quot;&amp;quot;\n&amp;gt;       app_settings_page.click_PrinterName_On_Printersettings()\n\ntest_Android_App_Settings.py:899: \n_ _ _ _ _ _ _ _ _ _ _ _ _ _ _ _ _ _ _ _ _ _ _ _ _ _ _ _ _ _ _ _ _ _ _ _ _ _ _ _ _ _ _ _ _ _ _ _ _ _ _ _ _ _ _ _ _ _ _ _ _ _ _ _ _ _ _ _ _ _ _ _ _ _ _ _ _ _ _ _ _ _ _ _ _ _ _ _ _ _\n..\\..\\PageObject\\APP_Settings\\APP_Settings_Screen_Android.py:160: in click_PrinterName_On_Printersettings\n    printername1.click()\n..\\..\\..\\..\\..\\PycharmProjects\\pythonProject1\\ZSB_Automation\\venv\\Lib\\site-packages\\poco\\proxy.py:29: in wrapped\n    raise e\n..\\..\\..\\..\\..\\PycharmProjects\\pythonProject1\\ZSB_Automation\\venv\\Lib\\site-packages\\poco\\proxy.py:23: in wrapped\n    return func(proxy, *args, **kwargs)\n..\\..\\..\\..\\..\\PycharmProjects\\pythonProject1\\ZSB_Automation\\venv\\Lib\\site-packages\\poco\\proxy.py:332: in click\n    pos_in_percentage = self.get_position(focus)\n..\\..\\..\\..\\..\\PycharmProjects\\pythonProject1\\ZSB_Automation\\venv\\Lib\\site-packages\\poco\\proxy.py:72: in wrapped\n    return func(proxy, *args, **kwargs)\n..\\..\\..\\..\\..\\PycharmProjects\\pythonProject1\\ZSB_Automation\\venv\\Lib\\site-packages\\poco\\proxy.py:613: in get_position\n    x, y = map(float, self.attr(&amp;#x27;pos&amp;#x27;))\n..\\..\\..\\..\\..\\PycharmProjects\\pythonProject1\\ZSB_Automation\\venv\\Lib\\site-packages\\poco\\proxy.py:39: in wrapped\n    return func(self, *args, **kwargs)\n..\\..\\..\\..\\..\\PycharmProjects\\pythonProject1\\ZSB_Automation\\venv\\Lib\\site-packages\\poco\\proxy.py:734: in attr\n    nodes = self._do_query(multiple=False)\n_ _ _ _ _ _ _ _ _ _ _ _ _ _ _ _ _ _ _ _ _ _ _ _ _ _ _ _ _ _ _ _ _ _ _ _ _ _ _ _ _ _ _ _ _ _ _ _ _ _ _ _ _ _ _ _ _ _ _ _ _ _ _ _ _ _ _ _ _ _ _ _ _ _ _ _ _ _ _ _ _ _ _ _ _ _ _ _ _ _\n\nself = UIObjectProxy of &amp;quot;ZSB-DP12\nTab 2 of 3&amp;quot;, multiple = False, refresh = False\n\n    def _do_query(self, multiple=True, refresh=False):\n        if not self._evaluated or refresh:\n            self._nodes = self.poco.agent.hierarchy.select(self.query, multiple)\n            if not self._nodes or len(self._nodes) == 0:\n                # \u627e\u4e0d\u5230\u8282\u70b9\u65f6\uff0c\u5c06\u5f53\u524d\u8282\u70b9\u72b6\u6001\u91cd\u7f6e\uff0c\u5f3a\u5236\u4e0b\u4e00\u6b21\u8bbf\u95ee\u65f6\u91cd\u65b0\u67e5\u8be2\u4e00\u6b21\u8282\u70b9\u4fe1\u606f\n                self.invalidate()\n&amp;gt;               raise PocoNoSuchNodeException(self)\nE               poco.exceptions.PocoNoSuchNodeException: Cannot find any visible node by query UIObjectProxy of &amp;quot;ZSB-DP12\nE               Tab 2 of 3&amp;quot;\n\n..\\..\\..\\..\\..\\PycharmProjects\\pythonProject1\\ZSB_Automation\\venv\\Lib\\site-packages\\poco\\proxy.py:888: PocoNoSuchNodeException\n\n----------------------------- Captured stdout call -----------------------------\nElement not found, proceeding with the next part of the code.\nElement not found, proceeding with the next part of the code.\n\n----------------------------- Captured stderr call -----------------------------\n[16:26:50][DEBUG]&amp;lt;airtest.core.android.adb&amp;gt; C:\\Users\\rk1277\\Desktop\\ZSB_Automation\\venv\\Lib\\site-packages\\airtest\\core\\android\\static\\adb\\windows\\adb.exe -s 2A051JEGR15175 shell am force-stop com.zebra.soho_app\n[16:26:51][DEBUG]&amp;lt;airtest.core.android.adb&amp;gt; C:\\Users\\rk1277\\Desktop\\ZSB_Automation\\venv\\Lib\\site-packages\\airtest\\core\\android\\static\\adb\\windows\\adb.exe -s 2A051JEGR15175 shell monkey -p com.zebra.soho_app -c android.intent.category.LAUNCHER 1\n\n------------------------------ Captured log call -------------------------------\nDEBUG    airtest.core.android.adb:adb.py:182 C:\\Users\\rk1277\\Desktop\\ZSB_Automation\\venv\\Lib\\site-packages\\airtest\\core\\android\\static\\adb\\windows\\adb.exe -s 2A051JEGR15175 shell am force-stop com.zebra.soho_app\nDEBUG    airtest.core.android.adb:adb.py:182 C:\\Users\\rk1277\\Desktop\\ZSB_Automation\\venv\\Lib\\site-packages\\airtest\\core\\android\\static\\adb\\windows\\adb.exe -s 2A051JEGR15175 shell monkey -p com.zebra.soho_app -c android.intent.category.LAUNCHER 1\n\n&#34;}], &#34;test_Android_App_Settings.py::test_AppSettings_TestcaseID_49960&#34;: [{&#34;extras&#34;: [], &#34;result&#34;: &#34;Passed&#34;, &#34;testId&#34;: &#34;test_Android_App_Settings.py::test_AppSettings_TestcaseID_49960&#34;, &#34;duration&#34;: &#34;00:02:00&#34;, &#34;resultsTableRow&#34;: [&#34;&lt;td class=\&#34;col-result\&#34;&gt;Passed&lt;/td&gt;&#34;, &#34;&lt;td class=\&#34;col-testId\&#34;&gt;test_Android_App_Settings.py::test_AppSettings_TestcaseID_49960&lt;/td&gt;&#34;, &#34;&lt;td class=\&#34;col-duration\&#34;&gt;00:02:00&lt;/td&gt;&#34;, &#34;&lt;td class=\&#34;col-links\&#34;&gt;&lt;/td&gt;&#34;], &#34;log&#34;: &#34;----------------------------- Captured stdout call -----------------------------\nElement not found, proceeding with the next part of the code.\nElement not found, proceeding with the next part of the code.\n Delete Account text is displaying: UIObjectProxy of &amp;quot;Delete Account&amp;quot;\n Delete Account text is displaying: UIObjectProxy of &amp;quot;Delete Account&amp;quot;\n\n----------------------------- Captured stderr call -----------------------------\n[16:27:22][DEBUG]&amp;lt;airtest.core.android.adb&amp;gt; C:\\Users\\rk1277\\Desktop\\ZSB_Automation\\venv\\Lib\\site-packages\\airtest\\core\\android\\static\\adb\\windows\\adb.exe -s 2A051JEGR15175 shell am force-stop com.zebra.soho_app\n[16:27:24][DEBUG]&amp;lt;airtest.core.android.adb&amp;gt; C:\\Users\\rk1277\\Desktop\\ZSB_Automation\\venv\\Lib\\site-packages\\airtest\\core\\android\\static\\adb\\windows\\adb.exe -s 2A051JEGR15175 shell monkey -p com.zebra.soho_app -c android.intent.category.LAUNCHER 1\n[16:28:10][DEBUG]&amp;lt;airtest.core.android.adb&amp;gt; C:\\Users\\rk1277\\Desktop\\ZSB_Automation\\venv\\Lib\\site-packages\\airtest\\core\\android\\static\\adb\\windows\\adb.exe -s 2A051JEGR15175 shell am broadcast -a ADB_INPUT_TEXT --es msg\n[16:28:10][DEBUG]&amp;lt;airtest.core.android.adb&amp;gt; C:\\Users\\rk1277\\Desktop\\ZSB_Automation\\venv\\Lib\\site-packages\\airtest\\core\\android\\static\\adb\\windows\\adb.exe -s 2A051JEGR15175 shell input keyevent ENTER\n[16:28:10][DEBUG]&amp;lt;airtest.core.android.adb&amp;gt; C:\\Users\\rk1277\\Desktop\\ZSB_Automation\\venv\\Lib\\site-packages\\airtest\\core\\android\\static\\adb\\windows\\adb.exe -s 2A051JEGR15175 shell am broadcast -a ADB_INPUT_TEXT --es msg Zebra01.swdvt\\@icloud.com\n[16:28:11][DEBUG]&amp;lt;airtest.core.android.adb&amp;gt; C:\\Users\\rk1277\\Desktop\\ZSB_Automation\\venv\\Lib\\site-packages\\airtest\\core\\android\\static\\adb\\windows\\adb.exe -s 2A051JEGR15175 shell input keyevent ENTER\n[16:29:19][DEBUG]&amp;lt;airtest.core.android.adb&amp;gt; C:\\Users\\rk1277\\Desktop\\ZSB_Automation\\venv\\Lib\\site-packages\\airtest\\core\\android\\static\\adb\\windows\\adb.exe -s 2A051JEGR15175 shell am force-stop com.zebra.soho_app\n\n------------------------------ Captured log call -------------------------------\nDEBUG    airtest.core.android.adb:adb.py:182 C:\\Users\\rk1277\\Desktop\\ZSB_Automation\\venv\\Lib\\site-packages\\airtest\\core\\android\\static\\adb\\windows\\adb.exe -s 2A051JEGR15175 shell am force-stop com.zebra.soho_app\nDEBUG    airtest.core.android.adb:adb.py:182 C:\\Users\\rk1277\\Desktop\\ZSB_Automation\\venv\\Lib\\site-packages\\airtest\\core\\android\\static\\adb\\windows\\adb.exe -s 2A051JEGR15175 shell monkey -p com.zebra.soho_app -c android.intent.category.LAUNCHER 1\nDEBUG    airtest.core.android.adb:adb.py:182 C:\\Users\\rk1277\\Desktop\\ZSB_Automation\\venv\\Lib\\site-packages\\airtest\\core\\android\\static\\adb\\windows\\adb.exe -s 2A051JEGR15175 shell am broadcast -a ADB_INPUT_TEXT --es msg\nDEBUG    airtest.core.android.adb:adb.py:182 C:\\Users\\rk1277\\Desktop\\ZSB_Automation\\venv\\Lib\\site-packages\\airtest\\core\\android\\static\\adb\\windows\\adb.exe -s 2A051JEGR15175 shell input keyevent ENTER\nDEBUG    airtest.core.android.adb:adb.py:182 C:\\Users\\rk1277\\Desktop\\ZSB_Automation\\venv\\Lib\\site-packages\\airtest\\core\\android\\static\\adb\\windows\\adb.exe -s 2A051JEGR15175 shell am broadcast -a ADB_INPUT_TEXT --es msg Zebra01.swdvt\\@icloud.com\nDEBUG    airtest.core.android.adb:adb.py:182 C:\\Users\\rk1277\\Desktop\\ZSB_Automation\\venv\\Lib\\site-packages\\airtest\\core\\android\\static\\adb\\windows\\adb.exe -s 2A051JEGR15175 shell input keyevent ENTER\nDEBUG    airtest.core.android.adb:adb.py:182 C:\\Users\\rk1277\\Desktop\\ZSB_Automation\\venv\\Lib\\site-packages\\airtest\\core\\android\\static\\adb\\windows\\adb.exe -s 2A051JEGR15175 shell am force-stop com.zebra.soho_app\n\n&#34;}], &#34;test_Android_App_Settings.py::test_AppSettings_TestcaseID_49961&#34;: [{&#34;extras&#34;: [], &#34;result&#34;: &#34;Passed&#34;, &#34;testId&#34;: &#34;test_Android_App_Settings.py::test_AppSettings_TestcaseID_49961&#34;, &#34;duration&#34;: &#34;00:01:24&#34;, &#34;resultsTableRow&#34;: [&#34;&lt;td class=\&#34;col-result\&#34;&gt;Passed&lt;/td&gt;&#34;, &#34;&lt;td class=\&#34;col-testId\&#34;&gt;test_Android_App_Settings.py::test_AppSettings_TestcaseID_49961&lt;/td&gt;&#34;, &#34;&lt;td class=\&#34;col-duration\&#34;&gt;00:01:24&lt;/td&gt;&#34;, &#34;&lt;td class=\&#34;col-links\&#34;&gt;&lt;/td&gt;&#34;], &#34;log&#34;: &#34;----------------------------- Captured stdout call -----------------------------\nElement not found, proceeding with the next part of the code.\nElement not found, proceeding with the next part of the code.\n Delete Account text is displaying: UIObjectProxy of &amp;quot;Delete Account&amp;quot;\n\n----------------------------- Captured stderr call -----------------------------\n[16:29:22][DEBUG]&amp;lt;airtest.core.android.adb&amp;gt; C:\\Users\\rk1277\\Desktop\\ZSB_Automation\\venv\\Lib\\site-packages\\airtest\\core\\android\\static\\adb\\windows\\adb.exe -s 2A051JEGR15175 shell am force-stop com.zebra.soho_app\n[16:29:24][DEBUG]&amp;lt;airtest.core.android.adb&amp;gt; C:\\Users\\rk1277\\Desktop\\ZSB_Automation\\venv\\Lib\\site-packages\\airtest\\core\\android\\static\\adb\\windows\\adb.exe -s 2A051JEGR15175 shell monkey -p com.zebra.soho_app -c android.intent.category.LAUNCHER 1\n[16:30:43][DEBUG]&amp;lt;airtest.core.android.adb&amp;gt; C:\\Users\\rk1277\\Desktop\\ZSB_Automation\\venv\\Lib\\site-packages\\airtest\\core\\android\\static\\adb\\windows\\adb.exe -s 2A051JEGR15175 shell am force-stop com.zebra.soho_app\n\n------------------------------ Captured log call -------------------------------\nDEBUG    airtest.core.android.adb:adb.py:182 C:\\Users\\rk1277\\Desktop\\ZSB_Automation\\venv\\Lib\\site-packages\\airtest\\core\\android\\static\\adb\\windows\\adb.exe -s 2A051JEGR15175 shell am force-stop com.zebra.soho_app\nDEBUG    airtest.core.android.adb:adb.py:182 C:\\Users\\rk1277\\Desktop\\ZSB_Automation\\venv\\Lib\\site-packages\\airtest\\core\\android\\static\\adb\\windows\\adb.exe -s 2A051JEGR15175 shell monkey -p com.zebra.soho_app -c android.intent.category.LAUNCHER 1\nDEBUG    airtest.core.android.adb:adb.py:182 C:\\Users\\rk1277\\Desktop\\ZSB_Automation\\venv\\Lib\\site-packages\\airtest\\core\\android\\static\\adb\\windows\\adb.exe -s 2A051JEGR15175 shell am force-stop com.zebra.soho_app\n\n&#34;}], &#34;test_Android_App_Settings.py::test_AppSettings_TestcaseID_50031&#34;: [{&#34;extras&#34;: [], &#34;result&#34;: &#34;Failed&#34;, &#34;testId&#34;: &#34;test_Android_App_Settings.py::test_AppSettings_TestcaseID_50031&#34;, &#34;duration&#34;: &#34;00:00:42&#34;, &#34;resultsTableRow&#34;: [&#34;&lt;td class=\&#34;col-result\&#34;&gt;Failed&lt;/td&gt;&#34;, &#34;&lt;td class=\&#34;col-testId\&#34;&gt;test_Android_App_Settings.py::test_AppSettings_TestcaseID_50031&lt;/td&gt;&#34;, &#34;&lt;td class=\&#34;col-duration\&#34;&gt;00:00:42&lt;/td&gt;&#34;, &#34;&lt;td class=\&#34;col-links\&#34;&gt;&lt;/td&gt;&#34;], &#34;log&#34;: &#34;proxy = UIObjectProxy of &amp;quot;ZSB-DP12\nTab 2 of 3&amp;quot;, args = (), kwargs = {}\n\n    @wraps(func)\n    def wrapped(proxy, *args, **kwargs):\n        try:\n            return func(proxy, *args, **kwargs)\n        except PocoNoSuchNodeException as e:\n            try:\n&amp;gt;               proxy.wait_for_appearance(timeout=proxy.poco._pre_action_wait_for_appearance)\n\n..\\..\\..\\..\\..\\PycharmProjects\\pythonProject1\\ZSB_Automation\\venv\\Lib\\site-packages\\poco\\proxy.py:26: \n_ _ _ _ _ _ _ _ _ _ _ _ _ _ _ _ _ _ _ _ _ _ _ _ _ _ _ _ _ _ _ _ _ _ _ _ _ _ _ _ _ _ _ _ _ _ _ _ _ _ _ _ _ _ _ _ _ _ _ _ _ _ _ _ _ _ _ _ _ _ _ _ _ _ _ _ _ _ _ _ _ _ _ _ _ _ _ _ _ _\n\nself = UIObjectProxy of &amp;quot;ZSB-DP12\nTab 2 of 3&amp;quot;, timeout = 6\n\n    def wait_for_appearance(self, timeout=120):\n        &amp;quot;&amp;quot;&amp;quot;\n        Block and wait until the UI element **appears** within the given timeout. When timeout, the\n        :py:class:`PocoTargetTimeout &amp;lt;poco.exceptions.PocoTargetTimeout&amp;gt;` is raised.\n    \n        Args:\n            timeout: maximum waiting time in seconds\n    \n        Raises:\n            PocoTargetTimeout: when timeout\n        &amp;quot;&amp;quot;&amp;quot;\n    \n        start = time.time()\n        while not self.exists():\n            self.poco.sleep_for_polling_interval()\n            if time.time() - start &amp;gt; timeout:\n&amp;gt;               raise PocoTargetTimeout(&amp;#x27;appearance&amp;#x27;, self)\nE               poco.exceptions.PocoTargetTimeout: Waiting timeout for appearance of &amp;quot;UIObjectProxy of &amp;quot;ZSB-DP12\nE               Tab 2 of 3&amp;quot;&amp;quot;\n\n..\\..\\..\\..\\..\\PycharmProjects\\pythonProject1\\ZSB_Automation\\venv\\Lib\\site-packages\\poco\\proxy.py:679: PocoTargetTimeout\n\nDuring handling of the above exception, another exception occurred:\n\n    def test_AppSettings_TestcaseID_50031():\n        &amp;quot;&amp;quot;&amp;quot;Check the error message prompted when print test page and printer head open or offline&amp;quot;&amp;quot;&amp;quot;\n    \n    \n    \n        &amp;quot;&amp;quot;&amp;quot;printer should be online&amp;quot;&amp;quot;&amp;quot;\n        &amp;quot;&amp;quot;&amp;quot;start the app&amp;quot;&amp;quot;&amp;quot;\n        common_method.tearDown()\n        sleep(3)\n        login_page.click_LoginAllow_Popup()\n        login_page.click_Allow_ZSB_Series_Popup()\n        &amp;quot;&amp;quot;&amp;quot;&amp;quot;verify home text is displaying on the home screen&amp;quot;&amp;quot;&amp;quot;\n        app_settings_page.Home_text_is_present_on_homepage()\n        &amp;quot;&amp;quot;&amp;quot;click on the hamburger icon&amp;quot;&amp;quot;&amp;quot;\n        login_page.click_Menu_HamburgerICN()\n        &amp;quot;&amp;quot;&amp;quot;&amp;quot;click on printer settings tab&amp;quot;&amp;quot;&amp;quot;&amp;quot;&amp;quot;\n        app_settings_page.click_Printer_Settings()\n        &amp;quot;&amp;quot;&amp;quot;&amp;quot;click on printer name on printer settings page&amp;quot;&amp;quot;&amp;quot;\n&amp;gt;       app_settings_page.click_PrinterName_On_Printersettings()\n\ntest_Android_App_Settings.py:1012: \n_ _ _ _ _ _ _ _ _ _ _ _ _ _ _ _ _ _ _ _ _ _ _ _ _ _ _ _ _ _ _ _ _ _ _ _ _ _ _ _ _ _ _ _ _ _ _ _ _ _ _ _ _ _ _ _ _ _ _ _ _ _ _ _ _ _ _ _ _ _ _ _ _ _ _ _ _ _ _ _ _ _ _ _ _ _ _ _ _ _\n..\\..\\PageObject\\APP_Settings\\APP_Settings_Screen_Android.py:160: in click_PrinterName_On_Printersettings\n    printername1.click()\n..\\..\\..\\..\\..\\PycharmProjects\\pythonProject1\\ZSB_Automation\\venv\\Lib\\site-packages\\poco\\proxy.py:29: in wrapped\n    raise e\n..\\..\\..\\..\\..\\PycharmProjects\\pythonProject1\\ZSB_Automation\\venv\\Lib\\site-packages\\poco\\proxy.py:23: in wrapped\n    return func(proxy, *args, **kwargs)\n..\\..\\..\\..\\..\\PycharmProjects\\pythonProject1\\ZSB_Automation\\venv\\Lib\\site-packages\\poco\\proxy.py:332: in click\n    pos_in_percentage = self.get_position(focus)\n..\\..\\..\\..\\..\\PycharmProjects\\pythonProject1\\ZSB_Automation\\venv\\Lib\\site-packages\\poco\\proxy.py:72: in wrapped\n    return func(proxy, *args, **kwargs)\n..\\..\\..\\..\\..\\PycharmProjects\\pythonProject1\\ZSB_Automation\\venv\\Lib\\site-packages\\poco\\proxy.py:613: in get_position\n    x, y = map(float, self.attr(&amp;#x27;pos&amp;#x27;))\n..\\..\\..\\..\\..\\PycharmProjects\\pythonProject1\\ZSB_Automation\\venv\\Lib\\site-packages\\poco\\proxy.py:39: in wrapped\n    return func(self, *args, **kwargs)\n..\\..\\..\\..\\..\\PycharmProjects\\pythonProject1\\ZSB_Automation\\venv\\Lib\\site-packages\\poco\\proxy.py:734: in attr\n    nodes = self._do_query(multiple=False)\n_ _ _ _ _ _ _ _ _ _ _ _ _ _ _ _ _ _ _ _ _ _ _ _ _ _ _ _ _ _ _ _ _ _ _ _ _ _ _ _ _ _ _ _ _ _ _ _ _ _ _ _ _ _ _ _ _ _ _ _ _ _ _ _ _ _ _ _ _ _ _ _ _ _ _ _ _ _ _ _ _ _ _ _ _ _ _ _ _ _\n\nself = UIObjectProxy of &amp;quot;ZSB-DP12\nTab 2 of 3&amp;quot;, multiple = False, refresh = False\n\n    def _do_query(self, multiple=True, refresh=False):\n        if not self._evaluated or refresh:\n            self._nodes = self.poco.agent.hierarchy.select(self.query, multiple)\n            if not self._nodes or len(self._nodes) == 0:\n                # \u627e\u4e0d\u5230\u8282\u70b9\u65f6\uff0c\u5c06\u5f53\u524d\u8282\u70b9\u72b6\u6001\u91cd\u7f6e\uff0c\u5f3a\u5236\u4e0b\u4e00\u6b21\u8bbf\u95ee\u65f6\u91cd\u65b0\u67e5\u8be2\u4e00\u6b21\u8282\u70b9\u4fe1\u606f\n                self.invalidate()\n&amp;gt;               raise PocoNoSuchNodeException(self)\nE               poco.exceptions.PocoNoSuchNodeException: Cannot find any visible node by query UIObjectProxy of &amp;quot;ZSB-DP12\nE               Tab 2 of 3&amp;quot;\n\n..\\..\\..\\..\\..\\PycharmProjects\\pythonProject1\\ZSB_Automation\\venv\\Lib\\site-packages\\poco\\proxy.py:888: PocoNoSuchNodeException\n\n----------------------------- Captured stdout call -----------------------------\nElement not found, proceeding with the next part of the code.\nElement not found, proceeding with the next part of the code.\nHome Text is present on home page: UIObjectProxy of &amp;quot;Home&amp;quot;\n\n----------------------------- Captured stderr call -----------------------------\n[16:30:46][DEBUG]&amp;lt;airtest.core.android.adb&amp;gt; C:\\Users\\rk1277\\Desktop\\ZSB_Automation\\venv\\Lib\\site-packages\\airtest\\core\\android\\static\\adb\\windows\\adb.exe -s 2A051JEGR15175 shell am force-stop com.zebra.soho_app\n[16:30:48][DEBUG]&amp;lt;airtest.core.android.adb&amp;gt; C:\\Users\\rk1277\\Desktop\\ZSB_Automation\\venv\\Lib\\site-packages\\airtest\\core\\android\\static\\adb\\windows\\adb.exe -s 2A051JEGR15175 shell monkey -p com.zebra.soho_app -c android.intent.category.LAUNCHER 1\n\n------------------------------ Captured log call -------------------------------\nDEBUG    airtest.core.android.adb:adb.py:182 C:\\Users\\rk1277\\Desktop\\ZSB_Automation\\venv\\Lib\\site-packages\\airtest\\core\\android\\static\\adb\\windows\\adb.exe -s 2A051JEGR15175 shell am force-stop com.zebra.soho_app\nDEBUG    airtest.core.android.adb:adb.py:182 C:\\Users\\rk1277\\Desktop\\ZSB_Automation\\venv\\Lib\\site-packages\\airtest\\core\\android\\static\\adb\\windows\\adb.exe -s 2A051JEGR15175 shell monkey -p com.zebra.soho_app -c android.intent.category.LAUNCHER 1\n\n&#34;}], &#34;test_Android_App_Settings.py::test_AppSettings_TestcaseID_50333&#34;: [{&#34;extras&#34;: [], &#34;result&#34;: &#34;Failed&#34;, &#34;testId&#34;: &#34;test_Android_App_Settings.py::test_AppSettings_TestcaseID_50333&#34;, &#34;duration&#34;: &#34;00:00:33&#34;, &#34;resultsTableRow&#34;: [&#34;&lt;td class=\&#34;col-result\&#34;&gt;Failed&lt;/td&gt;&#34;, &#34;&lt;td class=\&#34;col-testId\&#34;&gt;test_Android_App_Settings.py::test_AppSettings_TestcaseID_50333&lt;/td&gt;&#34;, &#34;&lt;td class=\&#34;col-duration\&#34;&gt;00:00:33&lt;/td&gt;&#34;, &#34;&lt;td class=\&#34;col-links\&#34;&gt;&lt;/td&gt;&#34;], &#34;log&#34;: &#34;proxy = UIObjectProxy of &amp;quot;ZSB-DP12\nTab 2 of 3&amp;quot;, args = (), kwargs = {}\n\n    @wraps(func)\n    def wrapped(proxy, *args, **kwargs):\n        try:\n            return func(proxy, *args, **kwargs)\n        except PocoNoSuchNodeException as e:\n            try:\n&amp;gt;               proxy.wait_for_appearance(timeout=proxy.poco._pre_action_wait_for_appearance)\n\n..\\..\\..\\..\\..\\PycharmProjects\\pythonProject1\\ZSB_Automation\\venv\\Lib\\site-packages\\poco\\proxy.py:26: \n_ _ _ _ _ _ _ _ _ _ _ _ _ _ _ _ _ _ _ _ _ _ _ _ _ _ _ _ _ _ _ _ _ _ _ _ _ _ _ _ _ _ _ _ _ _ _ _ _ _ _ _ _ _ _ _ _ _ _ _ _ _ _ _ _ _ _ _ _ _ _ _ _ _ _ _ _ _ _ _ _ _ _ _ _ _ _ _ _ _\n\nself = UIObjectProxy of &amp;quot;ZSB-DP12\nTab 2 of 3&amp;quot;, timeout = 6\n\n    def wait_for_appearance(self, timeout=120):\n        &amp;quot;&amp;quot;&amp;quot;\n        Block and wait until the UI element **appears** within the given timeout. When timeout, the\n        :py:class:`PocoTargetTimeout &amp;lt;poco.exceptions.PocoTargetTimeout&amp;gt;` is raised.\n    \n        Args:\n            timeout: maximum waiting time in seconds\n    \n        Raises:\n            PocoTargetTimeout: when timeout\n        &amp;quot;&amp;quot;&amp;quot;\n    \n        start = time.time()\n        while not self.exists():\n            self.poco.sleep_for_polling_interval()\n            if time.time() - start &amp;gt; timeout:\n&amp;gt;               raise PocoTargetTimeout(&amp;#x27;appearance&amp;#x27;, self)\nE               poco.exceptions.PocoTargetTimeout: Waiting timeout for appearance of &amp;quot;UIObjectProxy of &amp;quot;ZSB-DP12\nE               Tab 2 of 3&amp;quot;&amp;quot;\n\n..\\..\\..\\..\\..\\PycharmProjects\\pythonProject1\\ZSB_Automation\\venv\\Lib\\site-packages\\poco\\proxy.py:679: PocoTargetTimeout\n\nDuring handling of the above exception, another exception occurred:\n\n    def test_AppSettings_TestcaseID_50333():\n        &amp;quot;&amp;quot;&amp;quot;Android only- Check it will back to manage network after clicking device\u2019s back button&amp;quot;&amp;quot;&amp;quot;&amp;quot;&amp;quot;\n    \n        &amp;quot;&amp;quot;&amp;quot;&amp;quot;App should be in logged in condition &amp;amp; printer should be added&amp;quot;&amp;quot;&amp;quot;&amp;quot;&amp;quot;\n    \n    \n        &amp;quot;&amp;quot;&amp;quot;&amp;quot;start the app&amp;quot;&amp;quot;&amp;quot;&amp;quot;&amp;quot;\n        common_method.tearDown()\n        login_page.click_LoginAllow_Popup()\n        login_page.click_Allow_ZSB_Series_Popup()\n        &amp;quot;&amp;quot;&amp;quot;click on the hamburger icon&amp;quot;&amp;quot;&amp;quot;\n        login_page.click_Menu_HamburgerICN()\n        &amp;quot;&amp;quot;&amp;quot;&amp;quot;click on the printer settings tab&amp;quot;&amp;quot;&amp;quot;\n        app_settings_page.click_Printer_Settings()\n        &amp;quot;&amp;quot;&amp;quot;click on the printer name&amp;quot;&amp;quot;&amp;quot;\n&amp;gt;       app_settings_page.click_PrinterName_On_Printersettings()\n\ntest_Android_App_Settings.py:1050: \n_ _ _ _ _ _ _ _ _ _ _ _ _ _ _ _ _ _ _ _ _ _ _ _ _ _ _ _ _ _ _ _ _ _ _ _ _ _ _ _ _ _ _ _ _ _ _ _ _ _ _ _ _ _ _ _ _ _ _ _ _ _ _ _ _ _ _ _ _ _ _ _ _ _ _ _ _ _ _ _ _ _ _ _ _ _ _ _ _ _\n..\\..\\PageObject\\APP_Settings\\APP_Settings_Screen_Android.py:160: in click_PrinterName_On_Printersettings\n    printername1.click()\n..\\..\\..\\..\\..\\PycharmProjects\\pythonProject1\\ZSB_Automation\\venv\\Lib\\site-packages\\poco\\proxy.py:29: in wrapped\n    raise e\n..\\..\\..\\..\\..\\PycharmProjects\\pythonProject1\\ZSB_Automation\\venv\\Lib\\site-packages\\poco\\proxy.py:23: in wrapped\n    return func(proxy, *args, **kwargs)\n..\\..\\..\\..\\..\\PycharmProjects\\pythonProject1\\ZSB_Automation\\venv\\Lib\\site-packages\\poco\\proxy.py:332: in click\n    pos_in_percentage = self.get_position(focus)\n..\\..\\..\\..\\..\\PycharmProjects\\pythonProject1\\ZSB_Automation\\venv\\Lib\\site-packages\\poco\\proxy.py:72: in wrapped\n    return func(proxy, *args, **kwargs)\n..\\..\\..\\..\\..\\PycharmProjects\\pythonProject1\\ZSB_Automation\\venv\\Lib\\site-packages\\poco\\proxy.py:613: in get_position\n    x, y = map(float, self.attr(&amp;#x27;pos&amp;#x27;))\n..\\..\\..\\..\\..\\PycharmProjects\\pythonProject1\\ZSB_Automation\\venv\\Lib\\site-packages\\poco\\proxy.py:39: in wrapped\n    return func(self, *args, **kwargs)\n..\\..\\..\\..\\..\\PycharmProjects\\pythonProject1\\ZSB_Automation\\venv\\Lib\\site-packages\\poco\\proxy.py:734: in attr\n    nodes = self._do_query(multiple=False)\n_ _ _ _ _ _ _ _ _ _ _ _ _ _ _ _ _ _ _ _ _ _ _ _ _ _ _ _ _ _ _ _ _ _ _ _ _ _ _ _ _ _ _ _ _ _ _ _ _ _ _ _ _ _ _ _ _ _ _ _ _ _ _ _ _ _ _ _ _ _ _ _ _ _ _ _ _ _ _ _ _ _ _ _ _ _ _ _ _ _\n\nself = UIObjectProxy of &amp;quot;ZSB-DP12\nTab 2 of 3&amp;quot;, multiple = False, refresh = False\n\n    def _do_query(self, multiple=True, refresh=False):\n        if not self._evaluated or refresh:\n            self._nodes = self.poco.agent.hierarchy.select(self.query, multiple)\n            if not self._nodes or len(self._nodes) == 0:\n                # \u627e\u4e0d\u5230\u8282\u70b9\u65f6\uff0c\u5c06\u5f53\u524d\u8282\u70b9\u72b6\u6001\u91cd\u7f6e\uff0c\u5f3a\u5236\u4e0b\u4e00\u6b21\u8bbf\u95ee\u65f6\u91cd\u65b0\u67e5\u8be2\u4e00\u6b21\u8282\u70b9\u4fe1\u606f\n                self.invalidate()\n&amp;gt;               raise PocoNoSuchNodeException(self)\nE               poco.exceptions.PocoNoSuchNodeException: Cannot find any visible node by query UIObjectProxy of &amp;quot;ZSB-DP12\nE               Tab 2 of 3&amp;quot;\n\n..\\..\\..\\..\\..\\PycharmProjects\\pythonProject1\\ZSB_Automation\\venv\\Lib\\site-packages\\poco\\proxy.py:888: PocoNoSuchNodeException\n\n----------------------------- Captured stdout call -----------------------------\nElement not found, proceeding with the next part of the code.\nElement not found, proceeding with the next part of the code.\n\n----------------------------- Captured stderr call -----------------------------\n[16:31:29][DEBUG]&amp;lt;airtest.core.android.adb&amp;gt; C:\\Users\\rk1277\\Desktop\\ZSB_Automation\\venv\\Lib\\site-packages\\airtest\\core\\android\\static\\adb\\windows\\adb.exe -s 2A051JEGR15175 shell am force-stop com.zebra.soho_app\n[16:31:30][DEBUG]&amp;lt;airtest.core.android.adb&amp;gt; C:\\Users\\rk1277\\Desktop\\ZSB_Automation\\venv\\Lib\\site-packages\\airtest\\core\\android\\static\\adb\\windows\\adb.exe -s 2A051JEGR15175 shell monkey -p com.zebra.soho_app -c android.intent.category.LAUNCHER 1\n\n------------------------------ Captured log call -------------------------------\nDEBUG    airtest.core.android.adb:adb.py:182 C:\\Users\\rk1277\\Desktop\\ZSB_Automation\\venv\\Lib\\site-packages\\airtest\\core\\android\\static\\adb\\windows\\adb.exe -s 2A051JEGR15175 shell am force-stop com.zebra.soho_app\nDEBUG    airtest.core.android.adb:adb.py:182 C:\\Users\\rk1277\\Desktop\\ZSB_Automation\\venv\\Lib\\site-packages\\airtest\\core\\android\\static\\adb\\windows\\adb.exe -s 2A051JEGR15175 shell monkey -p com.zebra.soho_app -c android.intent.category.LAUNCHER 1\n\n&#34;}], &#34;test_Android_App_Settings.py::test_AppSettings_TestcaseID_51702&#34;: [{&#34;extras&#34;: [], &#34;result&#34;: &#34;Passed&#34;, &#34;testId&#34;: &#34;test_Android_App_Settings.py::test_AppSettings_TestcaseID_51702&#34;, &#34;duration&#34;: &#34;00:02:01&#34;, &#34;resultsTableRow&#34;: [&#34;&lt;td class=\&#34;col-result\&#34;&gt;Passed&lt;/td&gt;&#34;, &#34;&lt;td class=\&#34;col-testId\&#34;&gt;test_Android_App_Settings.py::test_AppSettings_TestcaseID_51702&lt;/td&gt;&#34;, &#34;&lt;td class=\&#34;col-duration\&#34;&gt;00:02:01&lt;/td&gt;&#34;, &#34;&lt;td class=\&#34;col-links\&#34;&gt;&lt;/td&gt;&#34;], &#34;log&#34;: &#34;----------------------------- Captured stdout call -----------------------------\nElement not found, proceeding with the next part of the code.\nElement not found, proceeding with the next part of the code.\nToggle button text: None\nToggle button text: None\nClicked on the Electic theme RadioButton.\nToggle button text: None\nToggle button text: None\nClicked on the  Modern  theme RadioButton.\n\n----------------------------- Captured stderr call -----------------------------\n[16:32:02][DEBUG]&amp;lt;airtest.core.android.adb&amp;gt; C:\\Users\\rk1277\\Desktop\\ZSB_Automation\\venv\\Lib\\site-packages\\airtest\\core\\android\\static\\adb\\windows\\adb.exe -s 2A051JEGR15175 shell am force-stop com.zebra.soho_app\n[16:32:03][DEBUG]&amp;lt;airtest.core.android.adb&amp;gt; C:\\Users\\rk1277\\Desktop\\ZSB_Automation\\venv\\Lib\\site-packages\\airtest\\core\\android\\static\\adb\\windows\\adb.exe -s 2A051JEGR15175 shell monkey -p com.zebra.soho_app -c android.intent.category.LAUNCHER 1\n[16:34:00][DEBUG]&amp;lt;airtest.core.android.adb&amp;gt; C:\\Users\\rk1277\\Desktop\\ZSB_Automation\\venv\\Lib\\site-packages\\airtest\\core\\android\\static\\adb\\windows\\adb.exe -s 2A051JEGR15175 shell am force-stop com.zebra.soho_app\n\n------------------------------ Captured log call -------------------------------\nDEBUG    airtest.core.android.adb:adb.py:182 C:\\Users\\rk1277\\Desktop\\ZSB_Automation\\venv\\Lib\\site-packages\\airtest\\core\\android\\static\\adb\\windows\\adb.exe -s 2A051JEGR15175 shell am force-stop com.zebra.soho_app\nDEBUG    airtest.core.android.adb:adb.py:182 C:\\Users\\rk1277\\Desktop\\ZSB_Automation\\venv\\Lib\\site-packages\\airtest\\core\\android\\static\\adb\\windows\\adb.exe -s 2A051JEGR15175 shell monkey -p com.zebra.soho_app -c android.intent.category.LAUNCHER 1\nDEBUG    airtest.core.android.adb:adb.py:182 C:\\Users\\rk1277\\Desktop\\ZSB_Automation\\venv\\Lib\\site-packages\\airtest\\core\\android\\static\\adb\\windows\\adb.exe -s 2A051JEGR15175 shell am force-stop com.zebra.soho_app\n\n&#34;}], &#34;test_Android_App_Settings.py::test_AppSettings_TestcaseID_51705&#34;: [{&#34;extras&#34;: [], &#34;result&#34;: &#34;Passed&#34;, &#34;testId&#34;: &#34;test_Android_App_Settings.py::test_AppSettings_TestcaseID_51705&#34;, &#34;duration&#34;: &#34;00:00:53&#34;, &#34;resultsTableRow&#34;: [&#34;&lt;td class=\&#34;col-result\&#34;&gt;Passed&lt;/td&gt;&#34;, &#34;&lt;td class=\&#34;col-testId\&#34;&gt;test_Android_App_Settings.py::test_AppSettings_TestcaseID_51705&lt;/td&gt;&#34;, &#34;&lt;td class=\&#34;col-duration\&#34;&gt;00:00:53&lt;/td&gt;&#34;, &#34;&lt;td class=\&#34;col-links\&#34;&gt;&lt;/td&gt;&#34;], &#34;log&#34;: &#34;----------------------------- Captured stdout call -----------------------------\nElement not found, proceeding with the next part of the code.\nElement not found, proceeding with the next part of the code.\n User Settings text is displaying: UIObjectProxy of &amp;quot;Settings&amp;quot;\n\n----------------------------- Captured stderr call -----------------------------\n[16:34:05][DEBUG]&amp;lt;airtest.core.android.adb&amp;gt; C:\\Users\\rk1277\\Desktop\\ZSB_Automation\\venv\\Lib\\site-packages\\airtest\\core\\android\\static\\adb\\windows\\adb.exe -s 2A051JEGR15175 shell monkey -p com.zebra.soho_app -c android.intent.category.LAUNCHER 1\n[16:34:53][DEBUG]&amp;lt;airtest.core.android.adb&amp;gt; C:\\Users\\rk1277\\Desktop\\ZSB_Automation\\venv\\Lib\\site-packages\\airtest\\core\\android\\static\\adb\\windows\\adb.exe -s 2A051JEGR15175 shell am force-stop com.zebra.soho_app\n\n------------------------------ Captured log call -------------------------------\nDEBUG    airtest.core.android.adb:adb.py:182 C:\\Users\\rk1277\\Desktop\\ZSB_Automation\\venv\\Lib\\site-packages\\airtest\\core\\android\\static\\adb\\windows\\adb.exe -s 2A051JEGR15175 shell monkey -p com.zebra.soho_app -c android.intent.category.LAUNCHER 1\nDEBUG    airtest.core.android.adb:adb.py:182 C:\\Users\\rk1277\\Desktop\\ZSB_Automation\\venv\\Lib\\site-packages\\airtest\\core\\android\\static\\adb\\windows\\adb.exe -s 2A051JEGR15175 shell am force-stop com.zebra.soho_app\n\n&#34;}], &#34;test_Android_App_Settings.py::test_AppSettings_TestcaseID_51788&#34;: [{&#34;extras&#34;: [], &#34;result&#34;: &#34;Passed&#34;, &#34;testId&#34;: &#34;test_Android_App_Settings.py::test_AppSettings_TestcaseID_51788&#34;, &#34;duration&#34;: &#34;00:01:38&#34;, &#34;resultsTableRow&#34;: [&#34;&lt;td class=\&#34;col-result\&#34;&gt;Passed&lt;/td&gt;&#34;, &#34;&lt;td class=\&#34;col-testId\&#34;&gt;test_Android_App_Settings.py::test_AppSettings_TestcaseID_51788&lt;/td&gt;&#34;, &#34;&lt;td class=\&#34;col-duration\&#34;&gt;00:01:38&lt;/td&gt;&#34;, &#34;&lt;td class=\&#34;col-links\&#34;&gt;&lt;/td&gt;&#34;], &#34;log&#34;: &#34;----------------------------- Captured stdout call -----------------------------\nElement not found, proceeding with the next part of the code.\nElement not found, proceeding with the next part of the code.\n Delete Account text is displaying: UIObjectProxy of &amp;quot;Delete Account&amp;quot;\nElement not found, proceeding with the next part of the code.\nElement not found, proceeding with the next part of the code.\nHome Text is present on home page: UIObjectProxy of &amp;quot;Home&amp;quot;\n\n----------------------------- Captured stderr call -----------------------------\n[16:34:56][DEBUG]&amp;lt;airtest.core.android.adb&amp;gt; C:\\Users\\rk1277\\Desktop\\ZSB_Automation\\venv\\Lib\\site-packages\\airtest\\core\\android\\static\\adb\\windows\\adb.exe -s 2A051JEGR15175 shell am force-stop com.zebra.soho_app\n[16:34:58][DEBUG]&amp;lt;airtest.core.android.adb&amp;gt; C:\\Users\\rk1277\\Desktop\\ZSB_Automation\\venv\\Lib\\site-packages\\airtest\\core\\android\\static\\adb\\windows\\adb.exe -s 2A051JEGR15175 shell monkey -p com.zebra.soho_app -c android.intent.category.LAUNCHER 1\n[16:36:31][DEBUG]&amp;lt;airtest.core.android.adb&amp;gt; C:\\Users\\rk1277\\Desktop\\ZSB_Automation\\venv\\Lib\\site-packages\\airtest\\core\\android\\static\\adb\\windows\\adb.exe -s 2A051JEGR15175 shell am force-stop com.zebra.soho_app\n\n------------------------------ Captured log call -------------------------------\nDEBUG    airtest.core.android.adb:adb.py:182 C:\\Users\\rk1277\\Desktop\\ZSB_Automation\\venv\\Lib\\site-packages\\airtest\\core\\android\\static\\adb\\windows\\adb.exe -s 2A051JEGR15175 shell am force-stop com.zebra.soho_app\nDEBUG    airtest.core.android.adb:adb.py:182 C:\\Users\\rk1277\\Desktop\\ZSB_Automation\\venv\\Lib\\site-packages\\airtest\\core\\android\\static\\adb\\windows\\adb.exe -s 2A051JEGR15175 shell monkey -p com.zebra.soho_app -c android.intent.category.LAUNCHER 1\nDEBUG    airtest.core.android.adb:adb.py:182 C:\\Users\\rk1277\\Desktop\\ZSB_Automation\\venv\\Lib\\site-packages\\airtest\\core\\android\\static\\adb\\windows\\adb.exe -s 2A051JEGR15175 shell am force-stop com.zebra.soho_app\n\n&#34;}], &#34;test_Android_App_Settings.py::test_AppSettings_TestcaseID_47881&#34;: [{&#34;extras&#34;: [], &#34;result&#34;: &#34;Passed&#34;, &#34;testId&#34;: &#34;test_Android_App_Settings.py::test_AppSettings_TestcaseID_47881&#34;, &#34;duration&#34;: &#34;00:00:43&#34;, &#34;resultsTableRow&#34;: [&#34;&lt;td class=\&#34;col-result\&#34;&gt;Passed&lt;/td&gt;&#34;, &#34;&lt;td class=\&#34;col-testId\&#34;&gt;test_Android_App_Settings.py::test_AppSettings_TestcaseID_47881&lt;/td&gt;&#34;, &#34;&lt;td class=\&#34;col-duration\&#34;&gt;00:00:43&lt;/td&gt;&#34;, &#34;&lt;td class=\&#34;col-links\&#34;&gt;&lt;/td&gt;&#34;], &#34;log&#34;: &#34;----------------------------- Captured stdout call -----------------------------\nElement not found, proceeding with the next part of the code.\nElement not found, proceeding with the next part of the code.\nHome Text is present on home page: UIObjectProxy of &amp;quot;Home&amp;quot;\n[&amp;#x27;Delete Printer&amp;#x27;, &amp;#x27;Please acknowledge the following to continue:&amp;#x27;, &amp;#x27;This action cannot be undone. Deleting your printer will: &amp;#x27;, &amp;#x27;\u2022  Permanently remove it from your workspace&amp;#x27;, &amp;#x27;\u2022  Factory reset your printer&amp;#x27;, &amp;#x27;After deleting your printer, proceed to the Bluetooth settings on your device to remove the existing Bluetooth bond.&amp;#x27;]\n[&amp;#x27;Unpair Bluetooth From Printer&amp;#x27;, &amp;#x27;Please proceed to your Bluetooth Settings on your mobile device and unpair this printer. When complete, return to this screen and complete the process.&amp;#x27;, &amp;#x27;How to Unpair Bluetooth&amp;#x27;, &amp;#x27;1. &amp;#x27;, &amp;#x27;Open your mobile device Settings&amp;#x27;, &amp;#x27;2. &amp;#x27;, &amp;#x27;Select Bluetooth&amp;#x27;, &amp;#x27;3. &amp;#x27;, &amp;quot;Enable Bluetooth if it&amp;#x27;s OFF&amp;quot;, &amp;#x27;4. &amp;#x27;, &amp;#x27;Select Device info ZSB-DP12-C71037 from My Devices&amp;#x27;, &amp;#x27;5. &amp;#x27;, &amp;#x27;Select Forget This Device&amp;#x27;]\n\n----------------------------- Captured stderr call -----------------------------\n[16:36:35][DEBUG]&amp;lt;airtest.core.android.adb&amp;gt; C:\\Users\\rk1277\\Desktop\\ZSB_Automation\\venv\\Lib\\site-packages\\airtest\\core\\android\\static\\adb\\windows\\adb.exe -s 2A051JEGR15175 shell am force-stop com.zebra.soho_app\n[16:36:36][DEBUG]&amp;lt;airtest.core.android.adb&amp;gt; C:\\Users\\rk1277\\Desktop\\ZSB_Automation\\venv\\Lib\\site-packages\\airtest\\core\\android\\static\\adb\\windows\\adb.exe -s 2A051JEGR15175 shell monkey -p com.zebra.soho_app -c android.intent.category.LAUNCHER 1\n[16:36:55][INFO]&amp;lt;airtest.core.api&amp;gt; Try finding: Template(tpl1705915293017.png)\n[16:36:55][DEBUG]&amp;lt;airtest.core.android.adb&amp;gt; C:\\Users\\rk1277\\Desktop\\ZSB_Automation\\venv\\Lib\\site-packages\\airtest\\core\\android\\static\\adb\\windows\\adb.exe -s 2A051JEGR15175 shell ls /data/local/tmp/minicap\n[16:36:55][DEBUG]&amp;lt;airtest.core.android.adb&amp;gt; C:\\Users\\rk1277\\Desktop\\ZSB_Automation\\venv\\Lib\\site-packages\\airtest\\core\\android\\static\\adb\\windows\\adb.exe -s 2A051JEGR15175 shell ls /data/local/tmp/minicap.so\n[16:36:56][DEBUG]&amp;lt;airtest.core.android.adb&amp;gt; C:\\Users\\rk1277\\Desktop\\ZSB_Automation\\venv\\Lib\\site-packages\\airtest\\core\\android\\static\\adb\\windows\\adb.exe -s 2A051JEGR15175 shell LD_LIBRARY_PATH=/data/local/tmp /data/local/tmp/minicap -v 2&amp;gt;&amp;amp;1\n[16:36:56][DEBUG]&amp;lt;airtest.core.android.cap_methods.minicap&amp;gt; version:5\n[16:36:56][DEBUG]&amp;lt;airtest.core.android.cap_methods.minicap&amp;gt; skip install minicap\n[16:36:56][DEBUG]&amp;lt;airtest.core.android.adb&amp;gt; C:\\Users\\rk1277\\Desktop\\ZSB_Automation\\venv\\Lib\\site-packages\\airtest\\core\\android\\static\\adb\\windows\\adb.exe -s 2A051JEGR15175 shell LD_LIBRARY_PATH=/data/local/tmp /data/local/tmp/minicap -n &amp;#x27;airtest_minicap&amp;#x27; -P 1080x2400@1080x2400/0 -s\n[16:36:56][DEBUG]&amp;lt;airtest.core.android.adb&amp;gt; C:\\Users\\rk1277\\Desktop\\ZSB_Automation\\venv\\Lib\\site-packages\\airtest\\core\\android\\static\\adb\\windows\\adb.exe -s 2A051JEGR15175 shell ps -A| grep minicap\n[16:36:57][DEBUG]&amp;lt;airtest.core.android.adb&amp;gt; C:\\Users\\rk1277\\Desktop\\ZSB_Automation\\venv\\Lib\\site-packages\\airtest\\core\\android\\static\\adb\\windows\\adb.exe -s 2A051JEGR15175 forward --no-rebind tcp:14248 localabstract:minicap_14248\n[16:36:57][DEBUG]&amp;lt;airtest.core.android.adb&amp;gt; C:\\Users\\rk1277\\Desktop\\ZSB_Automation\\venv\\Lib\\site-packages\\airtest\\core\\android\\static\\adb\\windows\\adb.exe -s 2A051JEGR15175 shell LD_LIBRARY_PATH=/data/local/tmp /data/local/tmp/minicap -n &amp;#x27;minicap_14248&amp;#x27; -P 1080x2400@1080x2400/0 -l 2&amp;gt;&amp;amp;1\n[16:36:57][DEBUG]&amp;lt;airtest.utils.nbsp&amp;gt; [minicap_server]b&amp;#x27;PID: 30217&amp;#x27;\n[16:36:57][DEBUG]&amp;lt;airtest.utils.nbsp&amp;gt; [minicap_server]b&amp;#x27;INFO: Using projection 1080x2400@1080x2400/0&amp;#x27;\n[16:36:57][DEBUG]&amp;lt;airtest.utils.nbsp&amp;gt; [minicap_server]b&amp;#x27;INFO: (external/minicap/src/minicap_33.cpp:245) Creating SurfaceComposerClient&amp;#x27;\n[16:36:57][DEBUG]&amp;lt;airtest.utils.nbsp&amp;gt; [minicap_server]b&amp;#x27;INFO: (external/minicap/src/minicap_33.cpp:248) Performing SurfaceComposerClient init check&amp;#x27;\n[16:36:57][DEBUG]&amp;lt;airtest.utils.nbsp&amp;gt; [minicap_server]b&amp;#x27;INFO: (external/minicap/src/minicap_33.cpp:259) Creating virtual display&amp;#x27;\n[16:36:57][DEBUG]&amp;lt;airtest.utils.nbsp&amp;gt; [minicap_server]b&amp;#x27;INFO: (external/minicap/src/minicap_33.cpp:265) Creating buffer queue&amp;#x27;\n[16:36:57][DEBUG]&amp;lt;airtest.utils.nbsp&amp;gt; [minicap_server]b&amp;#x27;INFO: (external/minicap/src/minicap_33.cpp:268) Setting buffer options&amp;#x27;\n[16:36:57][DEBUG]&amp;lt;airtest.utils.nbsp&amp;gt; [minicap_server]b&amp;#x27;INFO: (external/minicap/src/minicap_33.cpp:272) Creating CPU consumer&amp;#x27;\n[16:36:57][DEBUG]&amp;lt;airtest.utils.nbsp&amp;gt; [minicap_server]b&amp;#x27;INFO: (external/minicap/src/minicap_33.cpp:276) Creating frame waiter&amp;#x27;\n[16:36:57][DEBUG]&amp;lt;airtest.utils.nbsp&amp;gt; [minicap_server]b&amp;#x27;INFO: (external/minicap/src/minicap_33.cpp:280) Publishing virtual display&amp;#x27;\n[16:36:57][DEBUG]&amp;lt;airtest.utils.nbsp&amp;gt; [minicap_server]b&amp;#x27;INFO: (jni/minicap/JpgEncoder.cpp:64) Allocating 7835652 bytes for JPG encoder&amp;#x27;\n[16:36:57][DEBUG]&amp;lt;airtest.utils.nbsp&amp;gt; [minicap_server]b&amp;#x27;INFO: (jni/minicap/minicap.cpp:489) Server start&amp;#x27;\n[16:36:57][DEBUG]&amp;lt;airtest.core.android.cap_methods.minicap&amp;gt; (1, 24, 30217, 1080, 2400, 1080, 2400, 0, 2)\n[16:36:57][DEBUG]&amp;lt;airtest.utils.nbsp&amp;gt; [minicap_server]b&amp;#x27;INFO: (jni/minicap/minicap.cpp:492) New client connection&amp;#x27;\n[16:36:57][DEBUG]&amp;lt;airtest.core.api&amp;gt; try match with MultiScaleTemplateMatchingPre\n[16:36:57][DEBUG]&amp;lt;airtest.aircv.multiscale_template_matching&amp;gt; [MSTemplatePre] threshold=0.7, result={&amp;#x27;result&amp;#x27;: (974, 603), &amp;#x27;rectangle&amp;#x27;: ((926.1600000000001, 569.76), (926.1600000000001, 637.76), (1023.1600000000001, 637.76), (1023.1600000000001, 569.76)), &amp;#x27;confidence&amp;#x27;: 1.0}\n[16:36:57][DEBUG]&amp;lt;airtest.aircv.utils&amp;gt; find_best_result() run time is 0.08 s.\n[16:36:57][DEBUG]&amp;lt;airtest.core.api&amp;gt; match result: {&amp;#x27;result&amp;#x27;: (974, 603), &amp;#x27;rectangle&amp;#x27;: ((926.1600000000001, 569.76), (926.1600000000001, 637.76), (1023.1600000000001, 637.76), (1023.1600000000001, 569.76)), &amp;#x27;confidence&amp;#x27;: 1.0, &amp;#x27;time&amp;#x27;: 0.08187603950500488}\n[16:37:08][INFO]&amp;lt;airtest.core.api&amp;gt; Try finding: Template(tpl1706788194403.png)\n[16:37:08][DEBUG]&amp;lt;airtest.core.api&amp;gt; try match with MultiScaleTemplateMatchingPre\n[16:37:08][DEBUG]&amp;lt;airtest.aircv.multiscale_template_matching&amp;gt; [MSTemplatePre] threshold=0.7, result={&amp;#x27;result&amp;#x27;: (895, 1260), &amp;#x27;rectangle&amp;#x27;: ((820.3199999999999, 1207.2), (820.3199999999999, 1314.2), (970.3199999999999, 1314.2), (970.3199999999999, 1207.2)), &amp;#x27;confidence&amp;#x27;: 0.9927286505699158}\n[16:37:08][DEBUG]&amp;lt;airtest.aircv.utils&amp;gt; find_best_result() run time is 0.00 s.\n[16:37:08][DEBUG]&amp;lt;airtest.core.api&amp;gt; match result: {&amp;#x27;result&amp;#x27;: (895, 1260), &amp;#x27;rectangle&amp;#x27;: ((820.3199999999999, 1207.2), (820.3199999999999, 1314.2), (970.3199999999999, 1314.2), (970.3199999999999, 1207.2)), &amp;#x27;confidence&amp;#x27;: 0.9927286505699158, &amp;#x27;time&amp;#x27;: 0.0}\n[16:37:15][DEBUG]&amp;lt;airtest.core.android.adb&amp;gt; C:\\Users\\rk1277\\Desktop\\ZSB_Automation\\venv\\Lib\\site-packages\\airtest\\core\\android\\static\\adb\\windows\\adb.exe -s 2A051JEGR15175 shell am force-stop com.zebra.soho_app\n\n------------------------------ Captured log call -------------------------------\nDEBUG    airtest.core.android.adb:adb.py:182 C:\\Users\\rk1277\\Desktop\\ZSB_Automation\\venv\\Lib\\site-packages\\airtest\\core\\android\\static\\adb\\windows\\adb.exe -s 2A051JEGR15175 shell am force-stop com.zebra.soho_app\nDEBUG    airtest.core.android.adb:adb.py:182 C:\\Users\\rk1277\\Desktop\\ZSB_Automation\\venv\\Lib\\site-packages\\airtest\\core\\android\\static\\adb\\windows\\adb.exe -s 2A051JEGR15175 shell monkey -p com.zebra.soho_app -c android.intent.category.LAUNCHER 1\nINFO     airtest.core.api:cv.py:59 Try finding: Template(tpl1705915293017.png)\nDEBUG    airtest.core.android.adb:adb.py:182 C:\\Users\\rk1277\\Desktop\\ZSB_Automation\\venv\\Lib\\site-packages\\airtest\\core\\android\\static\\adb\\windows\\adb.exe -s 2A051JEGR15175 shell ls /data/local/tmp/minicap\nDEBUG    airtest.core.android.adb:adb.py:182 C:\\Users\\rk1277\\Desktop\\ZSB_Automation\\venv\\Lib\\site-packages\\airtest\\core\\android\\static\\adb\\windows\\adb.exe -s 2A051JEGR15175 shell ls /data/local/tmp/minicap.so\nDEBUG    airtest.core.android.adb:adb.py:182 C:\\Users\\rk1277\\Desktop\\ZSB_Automation\\venv\\Lib\\site-packages\\airtest\\core\\android\\static\\adb\\windows\\adb.exe -s 2A051JEGR15175 shell LD_LIBRARY_PATH=/data/local/tmp /data/local/tmp/minicap -v 2&amp;gt;&amp;amp;1\nDEBUG    airtest.core.android.cap_methods.minicap:minicap.py:83 version:5\nDEBUG    airtest.core.android.cap_methods.minicap:minicap.py:90 skip install minicap\nDEBUG    airtest.core.android.adb:adb.py:182 C:\\Users\\rk1277\\Desktop\\ZSB_Automation\\venv\\Lib\\site-packages\\airtest\\core\\android\\static\\adb\\windows\\adb.exe -s 2A051JEGR15175 shell LD_LIBRARY_PATH=/data/local/tmp /data/local/tmp/minicap -n &amp;#x27;airtest_minicap&amp;#x27; -P 1080x2400@1080x2400/0 -s\nDEBUG    airtest.core.android.adb:adb.py:182 C:\\Users\\rk1277\\Desktop\\ZSB_Automation\\venv\\Lib\\site-packages\\airtest\\core\\android\\static\\adb\\windows\\adb.exe -s 2A051JEGR15175 shell ps -A| grep minicap\nDEBUG    airtest.core.android.adb:adb.py:182 C:\\Users\\rk1277\\Desktop\\ZSB_Automation\\venv\\Lib\\site-packages\\airtest\\core\\android\\static\\adb\\windows\\adb.exe -s 2A051JEGR15175 forward --no-rebind tcp:14248 localabstract:minicap_14248\nDEBUG    airtest.core.android.adb:adb.py:182 C:\\Users\\rk1277\\Desktop\\ZSB_Automation\\venv\\Lib\\site-packages\\airtest\\core\\android\\static\\adb\\windows\\adb.exe -s 2A051JEGR15175 shell LD_LIBRARY_PATH=/data/local/tmp /data/local/tmp/minicap -n &amp;#x27;minicap_14248&amp;#x27; -P 1080x2400@1080x2400/0 -l 2&amp;gt;&amp;amp;1\nDEBUG    airtest.utils.nbsp:nbsp.py:37 [minicap_server]b&amp;#x27;PID: 30217&amp;#x27;\nDEBUG    airtest.utils.nbsp:nbsp.py:37 [minicap_server]b&amp;#x27;INFO: Using projection 1080x2400@1080x2400/0&amp;#x27;\nDEBUG    airtest.utils.nbsp:nbsp.py:37 [minicap_server]b&amp;#x27;INFO: (external/minicap/src/minicap_33.cpp:245) Creating SurfaceComposerClient&amp;#x27;\nDEBUG    airtest.utils.nbsp:nbsp.py:37 [minicap_server]b&amp;#x27;INFO: (external/minicap/src/minicap_33.cpp:248) Performing SurfaceComposerClient init check&amp;#x27;\nDEBUG    airtest.utils.nbsp:nbsp.py:37 [minicap_server]b&amp;#x27;INFO: (external/minicap/src/minicap_33.cpp:259) Creating virtual display&amp;#x27;\nDEBUG    airtest.utils.nbsp:nbsp.py:37 [minicap_server]b&amp;#x27;INFO: (external/minicap/src/minicap_33.cpp:265) Creating buffer queue&amp;#x27;\nDEBUG    airtest.utils.nbsp:nbsp.py:37 [minicap_server]b&amp;#x27;INFO: (external/minicap/src/minicap_33.cpp:268) Setting buffer options&amp;#x27;\nDEBUG    airtest.utils.nbsp:nbsp.py:37 [minicap_server]b&amp;#x27;INFO: (external/minicap/src/minicap_33.cpp:272) Creating CPU consumer&amp;#x27;\nDEBUG    airtest.utils.nbsp:nbsp.py:37 [minicap_server]b&amp;#x27;INFO: (external/minicap/src/minicap_33.cpp:276) Creating frame waiter&amp;#x27;\nDEBUG    airtest.utils.nbsp:nbsp.py:37 [minicap_server]b&amp;#x27;INFO: (external/minicap/src/minicap_33.cpp:280) Publishing virtual display&amp;#x27;\nDEBUG    airtest.utils.nbsp:nbsp.py:37 [minicap_server]b&amp;#x27;INFO: (jni/minicap/JpgEncoder.cpp:64) Allocating 7835652 bytes for JPG encoder&amp;#x27;\nDEBUG    airtest.utils.nbsp:nbsp.py:37 [minicap_server]b&amp;#x27;INFO: (jni/minicap/minicap.cpp:489) Server start&amp;#x27;\nDEBUG    airtest.core.android.cap_methods.minicap:minicap.py:248 (1, 24, 30217, 1080, 2400, 1080, 2400, 0, 2)\nDEBUG    airtest.utils.nbsp:nbsp.py:37 [minicap_server]b&amp;#x27;INFO: (jni/minicap/minicap.cpp:492) New client connection&amp;#x27;\nDEBUG    airtest.core.api:cv.py:189 try match with MultiScaleTemplateMatchingPre\nDEBUG    airtest.aircv.multiscale_template_matching:multiscale_template_matching.py:186 [MSTemplatePre] threshold=0.7, result={&amp;#x27;result&amp;#x27;: (974, 603), &amp;#x27;rectangle&amp;#x27;: ((926.1600000000001, 569.76), (926.1600000000001, 637.76), (1023.1600000000001, 637.76), (1023.1600000000001, 569.76)), &amp;#x27;confidence&amp;#x27;: 1.0}\nDEBUG    airtest.aircv.utils:utils.py:21 find_best_result() run time is 0.08 s.\nDEBUG    airtest.core.api:cv.py:155 match result: {&amp;#x27;result&amp;#x27;: (974, 603), &amp;#x27;rectangle&amp;#x27;: ((926.1600000000001, 569.76), (926.1600000000001, 637.76), (1023.1600000000001, 637.76), (1023.1600000000001, 569.76)), &amp;#x27;confidence&amp;#x27;: 1.0, &amp;#x27;time&amp;#x27;: 0.08187603950500488}\nINFO     airtest.core.api:cv.py:59 Try finding: Template(tpl1706788194403.png)\nDEBUG    airtest.core.api:cv.py:189 try match with MultiScaleTemplateMatchingPre\nDEBUG    airtest.aircv.multiscale_template_matching:multiscale_template_matching.py:186 [MSTemplatePre] threshold=0.7, result={&amp;#x27;result&amp;#x27;: (895, 1260), &amp;#x27;rectangle&amp;#x27;: ((820.3199999999999, 1207.2), (820.3199999999999, 1314.2), (970.3199999999999, 1314.2), (970.3199999999999, 1207.2)), &amp;#x27;confidence&amp;#x27;: 0.9927286505699158}\nDEBUG    airtest.aircv.utils:utils.py:21 find_best_result() run time is 0.00 s.\nDEBUG    airtest.core.api:cv.py:155 match result: {&amp;#x27;result&amp;#x27;: (895, 1260), &amp;#x27;rectangle&amp;#x27;: ((820.3199999999999, 1207.2), (820.3199999999999, 1314.2), (970.3199999999999, 1314.2), (970.3199999999999, 1207.2)), &amp;#x27;confidence&amp;#x27;: 0.9927286505699158, &amp;#x27;time&amp;#x27;: 0.0}\nDEBUG    airtest.core.android.adb:adb.py:182 C:\\Users\\rk1277\\Desktop\\ZSB_Automation\\venv\\Lib\\site-packages\\airtest\\core\\android\\static\\adb\\windows\\adb.exe -s 2A051JEGR15175 shell am force-stop com.zebra.soho_app\n\n&#34;}], &#34;test_Android_App_Settings.py::test_AppSettings_TestcaseID_47928&#34;: [{&#34;extras&#34;: [], &#34;result&#34;: &#34;Failed&#34;, &#34;testId&#34;: &#34;test_Android_App_Settings.py::test_AppSettings_TestcaseID_47928&#34;, &#34;duration&#34;: &#34;00:00:24&#34;, &#34;resultsTableRow&#34;: [&#34;&lt;td class=\&#34;col-result\&#34;&gt;Failed&lt;/td&gt;&#34;, &#34;&lt;td class=\&#34;col-testId\&#34;&gt;test_Android_App_Settings.py::test_AppSettings_TestcaseID_47928&lt;/td&gt;&#34;, &#34;&lt;td class=\&#34;col-duration\&#34;&gt;00:00:24&lt;/td&gt;&#34;, &#34;&lt;td class=\&#34;col-links\&#34;&gt;&lt;/td&gt;&#34;], &#34;log&#34;: &#34;def test_AppSettings_TestcaseID_47928():\n        &amp;quot;&amp;quot;&amp;quot;UI warning and confirmation verification when printer is deleted before decommissioned(Android)&amp;quot;&amp;quot;&amp;quot;\n        &amp;quot;&amp;quot;&amp;quot;&amp;quot;Account should be having 2 printers&amp;quot;&amp;quot;&amp;quot;\n    \n    \n        common_method.tearDown()\n        login_page.click_LoginAllow_Popup()\n        login_page.click_Allow_ZSB_Series_Popup()\n        &amp;quot;&amp;quot;&amp;quot;&amp;quot;verify home text is displaying on the home screen&amp;quot;&amp;quot;&amp;quot;\n        app_settings_page.Home_text_is_present_on_homepage()\n        &amp;quot;&amp;quot;&amp;quot;click on three dot on added printer on home page&amp;quot;&amp;quot;&amp;quot;\n        app_settings_page.Verify_Printer_Text()\n        app_settings_page.click_Three_Dot_On_Added_Printer_On_HomePage()\n        &amp;quot;&amp;quot;&amp;quot;&amp;quot;&amp;quot;click on delete printer button&amp;quot;&amp;quot;&amp;quot;\n        app_settings_page.click_Delete_Printer_Button()\n        &amp;quot;&amp;quot;&amp;quot;verify delete printer page&amp;quot;&amp;quot;&amp;quot;\n        app_settings_page.Verify_Delete_Printer_Page()\n&amp;gt;       app_settings_page.Click_Cancel_On_Delete_Printer_Page()\n\ntest_Android_App_Settings.py:1251: \n_ _ _ _ _ _ _ _ _ _ _ _ _ _ _ _ _ _ _ _ _ _ _ _ _ _ _ _ _ _ _ _ _ _ _ _ _ _ _ _ _ _ _ _ _ _ _ _ _ _ _ _ _ _ _ _ _ _ _ _ _ _ _ _ _ _ _ _ _ _ _ _ _ _ _ _ _ _ _ _ _ _ _ _ _ _ _ _ _ _\n\nself = &amp;lt;ZSB_Automation.ZSB_Mobile.PageObject.APP_Settings.APP_Settings_Screen_Android.App_Settings_Screen object at 0x000001E4D0C58B30&amp;gt;\n\n    def Click_Cancel_On_Delete_Printer_Page(self):\n        Cancel = self.poco(text=&amp;quot;Cancel&amp;quot;)\n        if Cancel.exists():\n            Cancel.click()\n    \n        else:\n&amp;gt;           raise Exception(&amp;quot;Cancel Button is not present&amp;quot;)\nE           Exception: Cancel Button is not present\n\n..\\..\\PageObject\\APP_Settings\\APP_Settings_Screen_Android.py:1583: Exception\n\n----------------------------- Captured stdout call -----------------------------\nElement not found, proceeding with the next part of the code.\nElement not found, proceeding with the next part of the code.\nHome Text is present on home page: UIObjectProxy of &amp;quot;Home&amp;quot;\nOffline\nZSB-DP12\n2.25&amp;quot; x 1&amp;quot;\nZSB-LC6\n541 of 1005\nprints left\n[&amp;#x27;Delete Printer&amp;#x27;, &amp;#x27;Please acknowledge the following to continue:&amp;#x27;, &amp;#x27;This action cannot be undone. Deleting your printer will: &amp;#x27;, &amp;#x27;\u2022  Permanently remove it from your workspace&amp;#x27;, &amp;#x27;\u2022  Factory reset your printer&amp;#x27;, &amp;#x27;After deleting your printer, proceed to the Bluetooth settings on your device to remove the existing Bluetooth bond.&amp;#x27;]\n\n----------------------------- Captured stderr call -----------------------------\n[16:37:18][DEBUG]&amp;lt;airtest.core.android.adb&amp;gt; C:\\Users\\rk1277\\Desktop\\ZSB_Automation\\venv\\Lib\\site-packages\\airtest\\core\\android\\static\\adb\\windows\\adb.exe -s 2A051JEGR15175 shell am force-stop com.zebra.soho_app\n[16:37:19][DEBUG]&amp;lt;airtest.core.android.adb&amp;gt; C:\\Users\\rk1277\\Desktop\\ZSB_Automation\\venv\\Lib\\site-packages\\airtest\\core\\android\\static\\adb\\windows\\adb.exe -s 2A051JEGR15175 shell monkey -p com.zebra.soho_app -c android.intent.category.LAUNCHER 1\n[16:37:38][INFO]&amp;lt;airtest.core.api&amp;gt; Try finding: Template(tpl1705915293017.png)\n[16:37:38][DEBUG]&amp;lt;airtest.core.api&amp;gt; try match with MultiScaleTemplateMatchingPre\n[16:37:38][DEBUG]&amp;lt;airtest.aircv.multiscale_template_matching&amp;gt; [MSTemplatePre] threshold=0.7, result={&amp;#x27;result&amp;#x27;: (974, 603), &amp;#x27;rectangle&amp;#x27;: ((926.1600000000001, 569.76), (926.1600000000001, 637.76), (1023.1600000000001, 637.76), (1023.1600000000001, 569.76)), &amp;#x27;confidence&amp;#x27;: 1.0}\n[16:37:38][DEBUG]&amp;lt;airtest.aircv.utils&amp;gt; find_best_result() run time is 0.03 s.\n[16:37:38][DEBUG]&amp;lt;airtest.core.api&amp;gt; match result: {&amp;#x27;result&amp;#x27;: (974, 603), &amp;#x27;rectangle&amp;#x27;: ((926.1600000000001, 569.76), (926.1600000000001, 637.76), (1023.1600000000001, 637.76), (1023.1600000000001, 569.76)), &amp;#x27;confidence&amp;#x27;: 1.0, &amp;#x27;time&amp;#x27;: 0.032343149185180664}\n\n------------------------------ Captured log call -------------------------------\nDEBUG    airtest.core.android.adb:adb.py:182 C:\\Users\\rk1277\\Desktop\\ZSB_Automation\\venv\\Lib\\site-packages\\airtest\\core\\android\\static\\adb\\windows\\adb.exe -s 2A051JEGR15175 shell am force-stop com.zebra.soho_app\nDEBUG    airtest.core.android.adb:adb.py:182 C:\\Users\\rk1277\\Desktop\\ZSB_Automation\\venv\\Lib\\site-packages\\airtest\\core\\android\\static\\adb\\windows\\adb.exe -s 2A051JEGR15175 shell monkey -p com.zebra.soho_app -c android.intent.category.LAUNCHER 1\nINFO     airtest.core.api:cv.py:59 Try finding: Template(tpl1705915293017.png)\nDEBUG    airtest.core.api:cv.py:189 try match with MultiScaleTemplateMatchingPre\nDEBUG    airtest.aircv.multiscale_template_matching:multiscale_template_matching.py:186 [MSTemplatePre] threshold=0.7, result={&amp;#x27;result&amp;#x27;: (974, 603), &amp;#x27;rectangle&amp;#x27;: ((926.1600000000001, 569.76), (926.1600000000001, 637.76), (1023.1600000000001, 637.76), (1023.1600000000001, 569.76)), &amp;#x27;confidence&amp;#x27;: 1.0}\nDEBUG    airtest.aircv.utils:utils.py:21 find_best_result() run time is 0.03 s.\nDEBUG    airtest.core.api:cv.py:155 match result: {&amp;#x27;result&amp;#x27;: (974, 603), &amp;#x27;rectangle&amp;#x27;: ((926.1600000000001, 569.76), (926.1600000000001, 637.76), (1023.1600000000001, 637.76), (1023.1600000000001, 569.76)), &amp;#x27;confidence&amp;#x27;: 1.0, &amp;#x27;time&amp;#x27;: 0.032343149185180664}\n\n&#34;}]}, &#34;renderCollapsed&#34;: [&#34;passed&#34;], &#34;initialSort&#34;: &#34;result&#34;, &#34;title&#34;: &#34;report.html&#34;}"></div>
    <script>
      (function(){function r(e,n,t){function o(i,f){if(!n[i]){if(!e[i]){var c="function"==typeof require&&require;if(!f&&c)return c(i,!0);if(u)return u(i,!0);var a=new Error("Cannot find module '"+i+"'");throw a.code="MODULE_NOT_FOUND",a}var p=n[i]={exports:{}};e[i][0].call(p.exports,function(r){var n=e[i][1][r];return o(n||r)},p,p.exports,r,e,n,t)}return n[i].exports}for(var u="function"==typeof require&&require,i=0;i<t.length;i++)o(t[i]);return o}return r})()({1:[function(require,module,exports){
const { getCollapsedCategory, setCollapsedIds } = require('./storage.js')

class DataManager {
    setManager(data) {
        const collapsedCategories = [...getCollapsedCategory(data.renderCollapsed)]
        const collapsedIds = []
        const tests = Object.values(data.tests).flat().map((test, index) => {
            const collapsed = collapsedCategories.includes(test.result.toLowerCase())
            const id = `test_${index}`
            if (collapsed) {
                collapsedIds.push(id)
            }
            return {
                ...test,
                id,
                collapsed,
            }
        })
        const dataBlob = { ...data, tests }
        this.data = { ...dataBlob }
        this.renderData = { ...dataBlob }
        setCollapsedIds(collapsedIds)
    }

    get allData() {
        return { ...this.data }
    }

    resetRender() {
        this.renderData = { ...this.data }
    }

    setRender(data) {
        this.renderData.tests = [...data]
    }

    toggleCollapsedItem(id) {
        this.renderData.tests = this.renderData.tests.map((test) =>
            test.id === id ? { ...test, collapsed: !test.collapsed } : test,
        )
    }

    set allCollapsed(collapsed) {
        this.renderData = { ...this.renderData, tests: [...this.renderData.tests.map((test) => (
            { ...test, collapsed }
        ))] }
    }

    get testSubset() {
        return [...this.renderData.tests]
    }

    get environment() {
        return this.renderData.environment
    }

    get initialSort() {
        return this.data.initialSort
    }
}

module.exports = {
    manager: new DataManager(),
}

},{"./storage.js":8}],2:[function(require,module,exports){
const mediaViewer = require('./mediaviewer.js')
const templateEnvRow = document.getElementById('template_environment_row')
const templateResult = document.getElementById('template_results-table__tbody')

function htmlToElements(html) {
    const temp = document.createElement('template')
    temp.innerHTML = html
    return temp.content.childNodes
}

const find = (selector, elem) => {
    if (!elem) {
        elem = document
    }
    return elem.querySelector(selector)
}

const findAll = (selector, elem) => {
    if (!elem) {
        elem = document
    }
    return [...elem.querySelectorAll(selector)]
}

const dom = {
    getStaticRow: (key, value) => {
        const envRow = templateEnvRow.content.cloneNode(true)
        const isObj = typeof value === 'object' && value !== null
        const values = isObj ? Object.keys(value).map((k) => `${k}: ${value[k]}`) : null

        const valuesElement = htmlToElements(
            values ? `<ul>${values.map((val) => `<li>${val}</li>`).join('')}<ul>` : `<div>${value}</div>`)[0]
        const td = findAll('td', envRow)
        td[0].textContent = key
        td[1].appendChild(valuesElement)

        return envRow
    },
    getResultTBody: ({ testId, id, log, extras, resultsTableRow, tableHtml, result, collapsed }) => {
        const resultBody = templateResult.content.cloneNode(true)
        resultBody.querySelector('tbody').classList.add(result.toLowerCase())
        resultBody.querySelector('tbody').id = testId
        resultBody.querySelector('.collapsible').dataset.id = id

        resultsTableRow.forEach((html) => {
            const t = document.createElement('template')
            t.innerHTML = html
            resultBody.querySelector('.collapsible').appendChild(t.content)
        })

        if (log) {
            // Wrap lines starting with "E" with span.error to color those lines red
            const wrappedLog = log.replace(/^E.*$/gm, (match) => `<span class="error">${match}</span>`)
            resultBody.querySelector('.log').innerHTML = wrappedLog
        } else {
            resultBody.querySelector('.log').remove()
        }

        if (collapsed) {
            resultBody.querySelector('.collapsible > td')?.classList.add('collapsed')
            resultBody.querySelector('.extras-row').classList.add('hidden')
        } else {
            resultBody.querySelector('.collapsible > td')?.classList.remove('collapsed')
        }

        const media = []
        extras?.forEach(({ name, format_type, content }) => {
            if (['image', 'video'].includes(format_type)) {
                media.push({ path: content, name, format_type })
            }

            if (format_type === 'html') {
                resultBody.querySelector('.extraHTML').insertAdjacentHTML('beforeend', `<div>${content}</div>`)
            }
        })
        mediaViewer.setup(resultBody, media)

        // Add custom html from the pytest_html_results_table_html hook
        tableHtml?.forEach((item) => {
            resultBody.querySelector('td[class="extra"]').insertAdjacentHTML('beforeend', item)
        })

        return resultBody
    },
}

module.exports = {
    dom,
    htmlToElements,
    find,
    findAll,
}

},{"./mediaviewer.js":6}],3:[function(require,module,exports){
const { manager } = require('./datamanager.js')
const { doSort } = require('./sort.js')
const storageModule = require('./storage.js')

const getFilteredSubSet = (filter) =>
    manager.allData.tests.filter(({ result }) => filter.includes(result.toLowerCase()))

const doInitFilter = () => {
    const currentFilter = storageModule.getVisible()
    const filteredSubset = getFilteredSubSet(currentFilter)
    manager.setRender(filteredSubset)
}

const doFilter = (type, show) => {
    if (show) {
        storageModule.showCategory(type)
    } else {
        storageModule.hideCategory(type)
    }

    const currentFilter = storageModule.getVisible()
    const filteredSubset = getFilteredSubSet(currentFilter)
    manager.setRender(filteredSubset)

    const sortColumn = storageModule.getSort()
    doSort(sortColumn, true)
}

module.exports = {
    doFilter,
    doInitFilter,
}

},{"./datamanager.js":1,"./sort.js":7,"./storage.js":8}],4:[function(require,module,exports){
const { redraw, bindEvents, renderStatic } = require('./main.js')
const { doInitFilter } = require('./filter.js')
const { doInitSort } = require('./sort.js')
const { manager } = require('./datamanager.js')
const data = JSON.parse(document.getElementById('data-container').dataset.jsonblob)

function init() {
    manager.setManager(data)
    doInitFilter()
    doInitSort()
    renderStatic()
    redraw()
    bindEvents()
}

init()

},{"./datamanager.js":1,"./filter.js":3,"./main.js":5,"./sort.js":7}],5:[function(require,module,exports){
const { dom, find, findAll } = require('./dom.js')
const { manager } = require('./datamanager.js')
const { doSort } = require('./sort.js')
const { doFilter } = require('./filter.js')
const {
    getVisible,
    getCollapsedIds,
    setCollapsedIds,
    getSort,
    getSortDirection,
    possibleFilters,
} = require('./storage.js')

const removeChildren = (node) => {
    while (node.firstChild) {
        node.removeChild(node.firstChild)
    }
}

const renderStatic = () => {
    const renderEnvironmentTable = () => {
        const environment = manager.environment
        const rows = Object.keys(environment).map((key) => dom.getStaticRow(key, environment[key]))
        const table = document.getElementById('environment')
        removeChildren(table)
        rows.forEach((row) => table.appendChild(row))
    }
    renderEnvironmentTable()
}

const addItemToggleListener = (elem) => {
    elem.addEventListener('click', ({ target }) => {
        const id = target.parentElement.dataset.id
        manager.toggleCollapsedItem(id)

        const collapsedIds = getCollapsedIds()
        if (collapsedIds.includes(id)) {
            const updated = collapsedIds.filter((item) => item !== id)
            setCollapsedIds(updated)
        } else {
            collapsedIds.push(id)
            setCollapsedIds(collapsedIds)
        }
        redraw()
    })
}

const renderContent = (tests) => {
    const sortAttr = getSort(manager.initialSort)
    const sortAsc = JSON.parse(getSortDirection())
    const rows = tests.map(dom.getResultTBody)
    const table = document.getElementById('results-table')
    const tableHeader = document.getElementById('results-table-head')

    const newTable = document.createElement('table')
    newTable.id = 'results-table'

    // remove all sorting classes and set the relevant
    findAll('.sortable', tableHeader).forEach((elem) => elem.classList.remove('asc', 'desc'))
    tableHeader.querySelector(`.sortable[data-column-type="${sortAttr}"]`)?.classList.add(sortAsc ? 'desc' : 'asc')
    newTable.appendChild(tableHeader)

    if (!rows.length) {
        const emptyTable = document.getElementById('template_results-table__body--empty').content.cloneNode(true)
        newTable.appendChild(emptyTable)
    } else {
        rows.forEach((row) => {
            if (!!row) {
                findAll('.collapsible td:not(.col-links', row).forEach(addItemToggleListener)
                find('.logexpander', row).addEventListener('click',
                    (evt) => evt.target.parentNode.classList.toggle('expanded'),
                )
                newTable.appendChild(row)
            }
        })
    }

    table.replaceWith(newTable)
}

const renderDerived = () => {
    const currentFilter = getVisible()
    possibleFilters.forEach((result) => {
        const input = document.querySelector(`input[data-test-result="${result}"]`)
        input.checked = currentFilter.includes(result)
    })
}

const bindEvents = () => {
    const filterColumn = (evt) => {
        const { target: element } = evt
        const { testResult } = element.dataset

        doFilter(testResult, element.checked)
        const collapsedIds = getCollapsedIds()
        const updated = manager.renderData.tests.map((test) => {
            return {
                ...test,
                collapsed: collapsedIds.includes(test.id),
            }
        })
        manager.setRender(updated)
        redraw()
    }

    const header = document.getElementById('environment-header')
    header.addEventListener('click', () => {
        const table = document.getElementById('environment')
        table.classList.toggle('hidden')
        header.classList.toggle('collapsed')
    })

    findAll('input[name="filter_checkbox"]').forEach((elem) => {
        elem.addEventListener('click', filterColumn)
    })

    findAll('.sortable').forEach((elem) => {
        elem.addEventListener('click', (evt) => {
            const { target: element } = evt
            const { columnType } = element.dataset
            doSort(columnType)
            redraw()
        })
    })

    document.getElementById('show_all_details').addEventListener('click', () => {
        manager.allCollapsed = false
        setCollapsedIds([])
        redraw()
    })
    document.getElementById('hide_all_details').addEventListener('click', () => {
        manager.allCollapsed = true
        const allIds = manager.renderData.tests.map((test) => test.id)
        setCollapsedIds(allIds)
        redraw()
    })
}

const redraw = () => {
    const { testSubset } = manager

    renderContent(testSubset)
    renderDerived()
}

module.exports = {
    redraw,
    bindEvents,
    renderStatic,
}

},{"./datamanager.js":1,"./dom.js":2,"./filter.js":3,"./sort.js":7,"./storage.js":8}],6:[function(require,module,exports){
class MediaViewer {
    constructor(assets) {
        this.assets = assets
        this.index = 0
    }

    nextActive() {
        this.index = this.index === this.assets.length - 1 ? 0 : this.index + 1
        return [this.activeFile, this.index]
    }

    prevActive() {
        this.index = this.index === 0 ? this.assets.length - 1 : this.index -1
        return [this.activeFile, this.index]
    }

    get currentIndex() {
        return this.index
    }

    get activeFile() {
        return this.assets[this.index]
    }
}


const setup = (resultBody, assets) => {
    if (!assets.length) {
        resultBody.querySelector('.media').classList.add('hidden')
        return
    }

    const mediaViewer = new MediaViewer(assets)
    const container = resultBody.querySelector('.media-container')
    const leftArrow = resultBody.querySelector('.media-container__nav--left')
    const rightArrow = resultBody.querySelector('.media-container__nav--right')
    const mediaName = resultBody.querySelector('.media__name')
    const counter = resultBody.querySelector('.media__counter')
    const imageEl = resultBody.querySelector('img')
    const sourceEl = resultBody.querySelector('source')
    const videoEl = resultBody.querySelector('video')

    const setImg = (media, index) => {
        if (media?.format_type === 'image') {
            imageEl.src = media.path

            imageEl.classList.remove('hidden')
            videoEl.classList.add('hidden')
        } else if (media?.format_type === 'video') {
            sourceEl.src = media.path

            videoEl.classList.remove('hidden')
            imageEl.classList.add('hidden')
        }

        mediaName.innerText = media?.name
        counter.innerText = `${index + 1} / ${assets.length}`
    }
    setImg(mediaViewer.activeFile, mediaViewer.currentIndex)

    const moveLeft = () => {
        const [media, index] = mediaViewer.prevActive()
        setImg(media, index)
    }
    const doRight = () => {
        const [media, index] = mediaViewer.nextActive()
        setImg(media, index)
    }
    const openImg = () => {
        window.open(mediaViewer.activeFile.path, '_blank')
    }
    if (assets.length === 1) {
        container.classList.add('media-container--fullscreen')
    } else {
        leftArrow.addEventListener('click', moveLeft)
        rightArrow.addEventListener('click', doRight)
    }
    imageEl.addEventListener('click', openImg)
}

module.exports = {
    setup,
}

},{}],7:[function(require,module,exports){
const { manager } = require('./datamanager.js')
const storageModule = require('./storage.js')

const genericSort = (list, key, ascending, customOrder) => {
    let sorted
    if (customOrder) {
        sorted = list.sort((a, b) => {
            const aValue = a.result.toLowerCase()
            const bValue = b.result.toLowerCase()

            const aIndex = customOrder.findIndex((item) => item.toLowerCase() === aValue)
            const bIndex = customOrder.findIndex((item) => item.toLowerCase() === bValue)

            // Compare the indices to determine the sort order
            return aIndex - bIndex
        })
    } else {
        sorted = list.sort((a, b) => a[key] === b[key] ? 0 : a[key] > b[key] ? 1 : -1)
    }

    if (ascending) {
        sorted.reverse()
    }
    return sorted
}

const durationSort = (list, ascending) => {
    const parseDuration = (duration) => {
        if (duration.includes(':')) {
            // If it's in the format "HH:mm:ss"
            const [hours, minutes, seconds] = duration.split(':').map(Number)
            return (hours * 3600 + minutes * 60 + seconds) * 1000
        } else {
            // If it's in the format "nnn ms"
            return parseInt(duration)
        }
    }
    const sorted = list.sort((a, b) => parseDuration(a['duration']) - parseDuration(b['duration']))
    if (ascending) {
        sorted.reverse()
    }
    return sorted
}

const doInitSort = () => {
    const type = storageModule.getSort(manager.initialSort)
    const ascending = storageModule.getSortDirection()
    const list = manager.testSubset
    const initialOrder = ['Error', 'Failed', 'Rerun', 'XFailed', 'XPassed', 'Skipped', 'Passed']

    storageModule.setSort(type)
    storageModule.setSortDirection(ascending)

    if (type?.toLowerCase() === 'original') {
        manager.setRender(list)
    } else {
        let sortedList
        switch (type) {
        case 'duration':
            sortedList = durationSort(list, ascending)
            break
        case 'result':
            sortedList = genericSort(list, type, ascending, initialOrder)
            break
        default:
            sortedList = genericSort(list, type, ascending)
            break
        }
        manager.setRender(sortedList)
    }
}

const doSort = (type, skipDirection) => {
    const newSortType = storageModule.getSort(manager.initialSort) !== type
    const currentAsc = storageModule.getSortDirection()
    let ascending
    if (skipDirection) {
        ascending = currentAsc
    } else {
        ascending = newSortType ? false : !currentAsc
    }
    storageModule.setSort(type)
    storageModule.setSortDirection(ascending)

    const list = manager.testSubset
    const sortedList = type === 'duration' ? durationSort(list, ascending) : genericSort(list, type, ascending)
    manager.setRender(sortedList)
}

module.exports = {
    doInitSort,
    doSort,
}

},{"./datamanager.js":1,"./storage.js":8}],8:[function(require,module,exports){
const possibleFilters = [
    'passed',
    'skipped',
    'failed',
    'error',
    'xfailed',
    'xpassed',
    'rerun',
]

const getVisible = () => {
    const url = new URL(window.location.href)
    const settings = new URLSearchParams(url.search).get('visible')
    const lower = (item) => {
        const lowerItem = item.toLowerCase()
        if (possibleFilters.includes(lowerItem)) {
            return lowerItem
        }
        return null
    }
    return settings === null ?
        possibleFilters :
        [...new Set(settings?.split(',').map(lower).filter((item) => item))]
}

const hideCategory = (categoryToHide) => {
    const url = new URL(window.location.href)
    const visibleParams = new URLSearchParams(url.search).get('visible')
    const currentVisible = visibleParams ? visibleParams.split(',') : [...possibleFilters]
    const settings = [...new Set(currentVisible)].filter((f) => f !== categoryToHide).join(',')

    url.searchParams.set('visible', settings)
    window.history.pushState({}, null, unescape(url.href))
}

const showCategory = (categoryToShow) => {
    if (typeof window === 'undefined') {
        return
    }
    const url = new URL(window.location.href)
    const currentVisible = new URLSearchParams(url.search).get('visible')?.split(',').filter(Boolean) ||
        [...possibleFilters]
    const settings = [...new Set([categoryToShow, ...currentVisible])]
    const noFilter = possibleFilters.length === settings.length || !settings.length

    noFilter ? url.searchParams.delete('visible') : url.searchParams.set('visible', settings.join(','))
    window.history.pushState({}, null, unescape(url.href))
}

const getSort = (initialSort) => {
    const url = new URL(window.location.href)
    let sort = new URLSearchParams(url.search).get('sort')
    if (!sort) {
        sort = initialSort || 'result'
    }
    return sort
}

const setSort = (type) => {
    const url = new URL(window.location.href)
    url.searchParams.set('sort', type)
    window.history.pushState({}, null, unescape(url.href))
}

const getCollapsedCategory = (renderCollapsed) => {
    let categories
    if (typeof window !== 'undefined') {
        const url = new URL(window.location.href)
        const collapsedItems = new URLSearchParams(url.search).get('collapsed')
        switch (true) {
        case !renderCollapsed && collapsedItems === null:
            categories = ['passed']
            break
        case collapsedItems?.length === 0 || /^["']{2}$/.test(collapsedItems):
            categories = []
            break
        case /^all$/.test(collapsedItems) || collapsedItems === null && /^all$/.test(renderCollapsed):
            categories = [...possibleFilters]
            break
        default:
            categories = collapsedItems?.split(',').map((item) => item.toLowerCase()) || renderCollapsed
            break
        }
    } else {
        categories = []
    }
    return categories
}

const getSortDirection = () => JSON.parse(sessionStorage.getItem('sortAsc')) || false
const setSortDirection = (ascending) => sessionStorage.setItem('sortAsc', ascending)

const getCollapsedIds = () => JSON.parse(sessionStorage.getItem('collapsedIds')) || []
const setCollapsedIds = (list) => sessionStorage.setItem('collapsedIds', JSON.stringify(list))

module.exports = {
    getVisible,
    hideCategory,
    showCategory,
    getCollapsedIds,
    setCollapsedIds,
    getSort,
    setSort,
    getSortDirection,
    setSortDirection,
    getCollapsedCategory,
    possibleFilters,
}

},{}]},{},[4]);
    </script>
  </footer>
</html>